This file contains any messages produced by compilers while
running configure, to aid debugging if configure makes a mistake.

It was created by bitextor configure 2.1rc1, which was
generated by GNU Autoconf 2.61.  Invocation command line was

  $ ./configure --no-create --no-recursion

## --------- ##
## Platform. ##
## --------- ##

hostname = elcampello
uname -m = i686
uname -r = 2.6.27-9-generic
uname -s = Linux
uname -v = #1 SMP Thu Nov 20 21:57:00 UTC 2008

/usr/bin/uname -p = unknown
/bin/uname -X     = unknown

/bin/arch              = unknown
/usr/bin/arch -k       = unknown
/usr/convex/getsysinfo = unknown
/usr/bin/hostinfo      = unknown
/bin/machine           = unknown
/usr/bin/oslevel       = unknown
/bin/universe          = unknown

PATH: /usr/local/sbin
PATH: /usr/local/bin
PATH: /usr/sbin
PATH: /usr/bin
PATH: /sbin
PATH: /bin
PATH: /usr/games


## ----------- ##
## Core tests. ##
## ----------- ##

configure:1832: checking for a BSD-compatible install
configure:1888: result: /usr/bin/install -c
configure:1899: checking whether build environment is sane
configure:1942: result: yes
configure:1970: checking for a thread-safe mkdir -p
configure:2009: result: /bin/mkdir -p
configure:2022: checking for gawk
configure:2052: result: no
configure:2022: checking for mawk
configure:2038: found /usr/bin/mawk
configure:2049: result: mawk
configure:2060: checking whether make sets $(MAKE)
configure:2081: result: yes
configure:2320: checking for g++
configure:2336: found /usr/bin/g++
configure:2347: result: g++
configure:2378: checking for C++ compiler version
configure:2385: g++ --version >&5
g++ (Ubuntu 4.3.2-1ubuntu11) 4.3.2
Copyright (C) 2008 Free Software Foundation, Inc.
This is free software; see the source for copying conditions.  There is NO
warranty; not even for MERCHANTABILITY or FITNESS FOR A PARTICULAR PURPOSE.

configure:2388: $? = 0
configure:2395: g++ -v >&5
Using built-in specs.
Target: i486-linux-gnu
Configured with: ../src/configure -v --with-pkgversion='Ubuntu 4.3.2-1ubuntu11' --with-bugurl=file:///usr/share/doc/gcc-4.3/README.Bugs --enable-languages=c,c++,fortran,objc,obj-c++ --prefix=/usr --enable-shared --with-system-zlib --libexecdir=/usr/lib --without-included-gettext --enable-threads=posix --enable-nls --with-gxx-include-dir=/usr/include/c++/4.3 --program-suffix=-4.3 --enable-clocale=gnu --enable-libstdcxx-debug --enable-objc-gc --enable-mpfr --enable-targets=all --enable-checking=release --build=i486-linux-gnu --host=i486-linux-gnu --target=i486-linux-gnu
Thread model: posix
gcc version 4.3.2 (Ubuntu 4.3.2-1ubuntu11) 
configure:2398: $? = 0
configure:2405: g++ -V >&5
g++: '-V' option must have argument
configure:2408: $? = 1
configure:2431: checking for C++ compiler default output file name
configure:2458: g++    conftest.cpp  >&5
configure:2461: $? = 0
configure:2499: result: a.out
configure:2516: checking whether the C++ compiler works
configure:2526: ./a.out
configure:2529: $? = 0
configure:2546: result: yes
configure:2553: checking whether we are cross compiling
configure:2555: result: no
configure:2558: checking for suffix of executables
configure:2565: g++ -o conftest    conftest.cpp  >&5
configure:2568: $? = 0
configure:2592: result: 
configure:2598: checking for suffix of object files
configure:2624: g++ -c   conftest.cpp >&5
configure:2627: $? = 0
configure:2650: result: o
configure:2654: checking whether we are using the GNU C++ compiler
configure:2683: g++ -c   conftest.cpp >&5
configure:2689: $? = 0
configure:2706: result: yes
configure:2711: checking whether g++ accepts -g
configure:2741: g++ -c -g  conftest.cpp >&5
configure:2747: $? = 0
configure:2846: result: yes
configure:2880: checking for style of include used by make
configure:2908: result: GNU
configure:2933: checking dependency style of g++
configure:3024: result: gcc3
configure:3087: checking for gcc
configure:3103: found /usr/bin/gcc
configure:3114: result: gcc
configure:3352: checking for C compiler version
configure:3359: gcc --version >&5
gcc (Ubuntu 4.3.2-1ubuntu11) 4.3.2
Copyright (C) 2008 Free Software Foundation, Inc.
This is free software; see the source for copying conditions.  There is NO
warranty; not even for MERCHANTABILITY or FITNESS FOR A PARTICULAR PURPOSE.

configure:3362: $? = 0
configure:3369: gcc -v >&5
Using built-in specs.
Target: i486-linux-gnu
Configured with: ../src/configure -v --with-pkgversion='Ubuntu 4.3.2-1ubuntu11' --with-bugurl=file:///usr/share/doc/gcc-4.3/README.Bugs --enable-languages=c,c++,fortran,objc,obj-c++ --prefix=/usr --enable-shared --with-system-zlib --libexecdir=/usr/lib --without-included-gettext --enable-threads=posix --enable-nls --with-gxx-include-dir=/usr/include/c++/4.3 --program-suffix=-4.3 --enable-clocale=gnu --enable-libstdcxx-debug --enable-objc-gc --enable-mpfr --enable-targets=all --enable-checking=release --build=i486-linux-gnu --host=i486-linux-gnu --target=i486-linux-gnu
Thread model: posix
gcc version 4.3.2 (Ubuntu 4.3.2-1ubuntu11) 
configure:3372: $? = 0
configure:3379: gcc -V >&5
gcc: '-V' option must have argument
configure:3382: $? = 1
configure:3385: checking whether we are using the GNU C compiler
configure:3414: gcc -c   conftest.c >&5
configure:3420: $? = 0
configure:3437: result: yes
configure:3442: checking whether gcc accepts -g
configure:3472: gcc -c -g  conftest.c >&5
configure:3478: $? = 0
configure:3577: result: yes
configure:3594: checking for gcc option to accept ISO C89
configure:3668: gcc  -c -g -O2  conftest.c >&5
configure:3674: $? = 0
configure:3697: result: none needed
configure:3717: checking dependency style of gcc
configure:3808: result: gcc3
configure:3866: checking for httrack
configure:3882: found /usr/local/bin/httrack
configure:3893: result: httrack
configure:3944: checking for main in -ltextcat
configure:3973: gcc -o conftest -g -O2   conftest.c -ltextcat   >&5
configure:3979: $? = 0
configure:3997: result: yes
configure:4029: checking for main in -ltidy
configure:4058: gcc -o conftest -g -O2   conftest.c -ltidy  -ltextcat  >&5
configure:4064: $? = 0
configure:4082: result: yes
configure:4113: checking for main in -lxml++-2.6
configure:4142: gcc -o conftest -g -O2   conftest.c -lxml++-2.6  -ltidy -ltextcat  >&5
configure:4148: $? = 0
configure:4166: result: yes
configure:4200: checking for main in -lenca
configure:4229: gcc -o conftest -g -O2   conftest.c -lenca  -lxml++-2.6 -ltidy -ltextcat  >&5
configure:4235: $? = 0
configure:4253: result: yes
configure:4285: checking for main in -ltagaligner
configure:4314: gcc -o conftest -g -O2   conftest.c -ltagaligner  -lenca -lxml++-2.6 -ltidy -ltextcat  >&5
configure:4320: $? = 0
configure:4338: result: yes
configure:4378: checking for dirent.h that defines DIR
configure:4407: gcc -c -g -O2  conftest.c >&5
configure:4413: $? = 0
configure:4429: result: yes
configure:4442: checking for library containing opendir
configure:4483: gcc -o conftest -g -O2   conftest.c -ltagaligner -lenca -lxml++-2.6 -ltidy -ltextcat  >&5
configure:4489: $? = 0
configure:4517: result: none required
configure:4616: checking how to run the C preprocessor
configure:4656: gcc -E  conftest.c
configure:4662: $? = 0
configure:4693: gcc -E  conftest.c
conftest.c:14:28: error: ac_nonexistent.h: No such file or directory
configure:4699: $? = 1
configure: failed program was:
| /* confdefs.h.  */
| #define PACKAGE_NAME "bitextor"
| #define PACKAGE_TARNAME "bitextor"
| #define PACKAGE_VERSION "2.1rc1"
| #define PACKAGE_STRING "bitextor 2.1rc1"
| #define PACKAGE_BUGREPORT "miquelespla@gmail.com"
| #define HAVE_LIBTEXTCAT 1
| #define HAVE_LIBTIDY 1
| #define HAVE_LIBXML___2_6 1
| #define HAVE_LIBENCA 1
| #define HAVE_LIBTAGALIGNER 1
| #define HAVE_DIRENT_H 1
| /* end confdefs.h.  */
| #include <ac_nonexistent.h>
configure:4732: result: gcc -E
configure:4761: gcc -E  conftest.c
configure:4767: $? = 0
configure:4798: gcc -E  conftest.c
conftest.c:14:28: error: ac_nonexistent.h: No such file or directory
configure:4804: $? = 1
configure: failed program was:
| /* confdefs.h.  */
| #define PACKAGE_NAME "bitextor"
| #define PACKAGE_TARNAME "bitextor"
| #define PACKAGE_VERSION "2.1rc1"
| #define PACKAGE_STRING "bitextor 2.1rc1"
| #define PACKAGE_BUGREPORT "miquelespla@gmail.com"
| #define HAVE_LIBTEXTCAT 1
| #define HAVE_LIBTIDY 1
| #define HAVE_LIBXML___2_6 1
| #define HAVE_LIBENCA 1
| #define HAVE_LIBTAGALIGNER 1
| #define HAVE_DIRENT_H 1
| /* end confdefs.h.  */
| #include <ac_nonexistent.h>
configure:4842: checking for grep that handles long lines and -e
configure:4916: result: /bin/grep
configure:4921: checking for egrep
configure:4999: result: /bin/grep -E
configure:5004: checking for ANSI C header files
configure:5034: gcc -c -g -O2  conftest.c >&5
configure:5040: $? = 0
configure:5139: gcc -o conftest -g -O2   conftest.c -ltagaligner -lenca -lxml++-2.6 -ltidy -ltextcat  >&5
configure:5142: $? = 0
configure:5148: ./conftest
configure:5151: $? = 0
configure:5168: result: yes
configure:5192: checking for sys/types.h
configure:5213: gcc -c -g -O2  conftest.c >&5
configure:5219: $? = 0
configure:5235: result: yes
configure:5192: checking for sys/stat.h
configure:5213: gcc -c -g -O2  conftest.c >&5
configure:5219: $? = 0
configure:5235: result: yes
configure:5192: checking for stdlib.h
configure:5213: gcc -c -g -O2  conftest.c >&5
configure:5219: $? = 0
configure:5235: result: yes
configure:5192: checking for string.h
configure:5213: gcc -c -g -O2  conftest.c >&5
configure:5219: $? = 0
configure:5235: result: yes
configure:5192: checking for memory.h
configure:5213: gcc -c -g -O2  conftest.c >&5
configure:5219: $? = 0
configure:5235: result: yes
configure:5192: checking for strings.h
configure:5213: gcc -c -g -O2  conftest.c >&5
configure:5219: $? = 0
configure:5235: result: yes
configure:5192: checking for inttypes.h
configure:5213: gcc -c -g -O2  conftest.c >&5
configure:5219: $? = 0
configure:5235: result: yes
configure:5192: checking for stdint.h
configure:5213: gcc -c -g -O2  conftest.c >&5
configure:5219: $? = 0
configure:5235: result: yes
configure:5192: checking for unistd.h
configure:5213: gcc -c -g -O2  conftest.c >&5
configure:5219: $? = 0
configure:5235: result: yes
configure:5254: checking for inttypes.h
configure:5260: result: yes
configure:5254: checking for stdlib.h
configure:5260: result: yes
configure:5254: checking for unistd.h
configure:5260: result: yes
configure:5398: checking for stdbool.h that conforms to C99
configure:5491: gcc -c -g -O2  conftest.c >&5
configure:5497: $? = 0
configure:5512: result: yes
configure:5514: checking for _Bool
configure:5544: gcc -c -g -O2  conftest.c >&5
configure:5550: $? = 0
configure:5565: result: yes
configure:5584: checking for an ANSI C-conforming const
configure:5659: gcc -c -g -O2  conftest.c >&5
configure:5665: $? = 0
configure:5680: result: yes
configure:5691: checking for int16_t
configure:5722: gcc -c -g -O2  conftest.c >&5
configure:5728: $? = 0
configure:5757: gcc -c -g -O2  conftest.c >&5
conftest.c: In function 'main':
conftest.c:66: error: size of array 'test_array' is negative
configure:5763: $? = 1
configure: failed program was:
| /* confdefs.h.  */
| #define PACKAGE_NAME "bitextor"
| #define PACKAGE_TARNAME "bitextor"
| #define PACKAGE_VERSION "2.1rc1"
| #define PACKAGE_STRING "bitextor 2.1rc1"
| #define PACKAGE_BUGREPORT "miquelespla@gmail.com"
| #define HAVE_LIBTEXTCAT 1
| #define HAVE_LIBTIDY 1
| #define HAVE_LIBXML___2_6 1
| #define HAVE_LIBENCA 1
| #define HAVE_LIBTAGALIGNER 1
| #define HAVE_DIRENT_H 1
| #define STDC_HEADERS 1
| #define HAVE_SYS_TYPES_H 1
| #define HAVE_SYS_STAT_H 1
| #define HAVE_STDLIB_H 1
| #define HAVE_STRING_H 1
| #define HAVE_MEMORY_H 1
| #define HAVE_STRINGS_H 1
| #define HAVE_INTTYPES_H 1
| #define HAVE_STDINT_H 1
| #define HAVE_UNISTD_H 1
| #define HAVE_INTTYPES_H 1
| #define HAVE_STDLIB_H 1
| #define HAVE_UNISTD_H 1
| #define HAVE__BOOL 1
| #define HAVE_STDBOOL_H 1
| /* end confdefs.h.  */
| #include <stdio.h>
| #ifdef HAVE_SYS_TYPES_H
| # include <sys/types.h>
| #endif
| #ifdef HAVE_SYS_STAT_H
| # include <sys/stat.h>
| #endif
| #ifdef STDC_HEADERS
| # include <stdlib.h>
| # include <stddef.h>
| #else
| # ifdef HAVE_STDLIB_H
| #  include <stdlib.h>
| # endif
| #endif
| #ifdef HAVE_STRING_H
| # if !defined STDC_HEADERS && defined HAVE_MEMORY_H
| #  include <memory.h>
| # endif
| # include <string.h>
| #endif
| #ifdef HAVE_STRINGS_H
| # include <strings.h>
| #endif
| #ifdef HAVE_INTTYPES_H
| # include <inttypes.h>
| #endif
| #ifdef HAVE_STDINT_H
| # include <stdint.h>
| #endif
| #ifdef HAVE_UNISTD_H
| # include <unistd.h>
| #endif
| int
| main ()
| {
| static int test_array [1 - 2 * !((int16_t) ((((int16_t) 1 << (16 - 2)) - 1) * 2 + 1)
| 	         < (int16_t) ((((int16_t) 1 << (16 - 2)) - 1) * 2 + 2))];
| test_array [0] = 0
| 
|   ;
|   return 0;
| }
configure:5792: result: yes
configure:5805: checking for int32_t
configure:5836: gcc -c -g -O2  conftest.c >&5
configure:5842: $? = 0
configure:5871: gcc -c -g -O2  conftest.c >&5
conftest.c: In function 'main':
conftest.c:66: warning: integer overflow in expression
conftest.c:66: error: size of array 'test_array' is negative
configure:5877: $? = 1
configure: failed program was:
| /* confdefs.h.  */
| #define PACKAGE_NAME "bitextor"
| #define PACKAGE_TARNAME "bitextor"
| #define PACKAGE_VERSION "2.1rc1"
| #define PACKAGE_STRING "bitextor 2.1rc1"
| #define PACKAGE_BUGREPORT "miquelespla@gmail.com"
| #define HAVE_LIBTEXTCAT 1
| #define HAVE_LIBTIDY 1
| #define HAVE_LIBXML___2_6 1
| #define HAVE_LIBENCA 1
| #define HAVE_LIBTAGALIGNER 1
| #define HAVE_DIRENT_H 1
| #define STDC_HEADERS 1
| #define HAVE_SYS_TYPES_H 1
| #define HAVE_SYS_STAT_H 1
| #define HAVE_STDLIB_H 1
| #define HAVE_STRING_H 1
| #define HAVE_MEMORY_H 1
| #define HAVE_STRINGS_H 1
| #define HAVE_INTTYPES_H 1
| #define HAVE_STDINT_H 1
| #define HAVE_UNISTD_H 1
| #define HAVE_INTTYPES_H 1
| #define HAVE_STDLIB_H 1
| #define HAVE_UNISTD_H 1
| #define HAVE__BOOL 1
| #define HAVE_STDBOOL_H 1
| /* end confdefs.h.  */
| #include <stdio.h>
| #ifdef HAVE_SYS_TYPES_H
| # include <sys/types.h>
| #endif
| #ifdef HAVE_SYS_STAT_H
| # include <sys/stat.h>
| #endif
| #ifdef STDC_HEADERS
| # include <stdlib.h>
| # include <stddef.h>
| #else
| # ifdef HAVE_STDLIB_H
| #  include <stdlib.h>
| # endif
| #endif
| #ifdef HAVE_STRING_H
| # if !defined STDC_HEADERS && defined HAVE_MEMORY_H
| #  include <memory.h>
| # endif
| # include <string.h>
| #endif
| #ifdef HAVE_STRINGS_H
| # include <strings.h>
| #endif
| #ifdef HAVE_INTTYPES_H
| # include <inttypes.h>
| #endif
| #ifdef HAVE_STDINT_H
| # include <stdint.h>
| #endif
| #ifdef HAVE_UNISTD_H
| # include <unistd.h>
| #endif
| int
| main ()
| {
| static int test_array [1 - 2 * !((int32_t) ((((int32_t) 1 << (32 - 2)) - 1) * 2 + 1)
| 	         < (int32_t) ((((int32_t) 1 << (32 - 2)) - 1) * 2 + 2))];
| test_array [0] = 0
| 
|   ;
|   return 0;
| }
configure:5906: result: yes
configure:5919: checking for int8_t
configure:5950: gcc -c -g -O2  conftest.c >&5
configure:5956: $? = 0
configure:5985: gcc -c -g -O2  conftest.c >&5
conftest.c: In function 'main':
conftest.c:66: error: size of array 'test_array' is negative
configure:5991: $? = 1
configure: failed program was:
| /* confdefs.h.  */
| #define PACKAGE_NAME "bitextor"
| #define PACKAGE_TARNAME "bitextor"
| #define PACKAGE_VERSION "2.1rc1"
| #define PACKAGE_STRING "bitextor 2.1rc1"
| #define PACKAGE_BUGREPORT "miquelespla@gmail.com"
| #define HAVE_LIBTEXTCAT 1
| #define HAVE_LIBTIDY 1
| #define HAVE_LIBXML___2_6 1
| #define HAVE_LIBENCA 1
| #define HAVE_LIBTAGALIGNER 1
| #define HAVE_DIRENT_H 1
| #define STDC_HEADERS 1
| #define HAVE_SYS_TYPES_H 1
| #define HAVE_SYS_STAT_H 1
| #define HAVE_STDLIB_H 1
| #define HAVE_STRING_H 1
| #define HAVE_MEMORY_H 1
| #define HAVE_STRINGS_H 1
| #define HAVE_INTTYPES_H 1
| #define HAVE_STDINT_H 1
| #define HAVE_UNISTD_H 1
| #define HAVE_INTTYPES_H 1
| #define HAVE_STDLIB_H 1
| #define HAVE_UNISTD_H 1
| #define HAVE__BOOL 1
| #define HAVE_STDBOOL_H 1
| /* end confdefs.h.  */
| #include <stdio.h>
| #ifdef HAVE_SYS_TYPES_H
| # include <sys/types.h>
| #endif
| #ifdef HAVE_SYS_STAT_H
| # include <sys/stat.h>
| #endif
| #ifdef STDC_HEADERS
| # include <stdlib.h>
| # include <stddef.h>
| #else
| # ifdef HAVE_STDLIB_H
| #  include <stdlib.h>
| # endif
| #endif
| #ifdef HAVE_STRING_H
| # if !defined STDC_HEADERS && defined HAVE_MEMORY_H
| #  include <memory.h>
| # endif
| # include <string.h>
| #endif
| #ifdef HAVE_STRINGS_H
| # include <strings.h>
| #endif
| #ifdef HAVE_INTTYPES_H
| # include <inttypes.h>
| #endif
| #ifdef HAVE_STDINT_H
| # include <stdint.h>
| #endif
| #ifdef HAVE_UNISTD_H
| # include <unistd.h>
| #endif
| int
| main ()
| {
| static int test_array [1 - 2 * !((int8_t) ((((int8_t) 1 << (8 - 2)) - 1) * 2 + 1)
| 	         < (int8_t) ((((int8_t) 1 << (8 - 2)) - 1) * 2 + 2))];
| test_array [0] = 0
| 
|   ;
|   return 0;
| }
configure:6020: result: yes
configure:6032: checking for size_t
configure:6062: gcc -c -g -O2  conftest.c >&5
configure:6068: $? = 0
configure:6083: result: yes
configure:6096: checking for uint16_t
configure:6127: gcc -c -g -O2  conftest.c >&5
configure:6133: $? = 0
configure:6154: result: yes
configure:6168: checking for uint32_t
configure:6199: gcc -c -g -O2  conftest.c >&5
configure:6205: $? = 0
configure:6226: result: yes
configure:6244: checking for uint8_t
configure:6275: gcc -c -g -O2  conftest.c >&5
configure:6281: $? = 0
configure:6302: result: yes
configure:6321: checking whether closedir returns void
configure:6355: gcc -o conftest -g -O2   conftest.c -ltagaligner -lenca -lxml++-2.6 -ltidy -ltextcat  >&5
configure:6358: $? = 0
configure:6364: ./conftest
configure:6367: $? = 0
configure:6383: result: no
configure:6398: checking for stdlib.h
configure:6404: result: yes
configure:6538: checking for GNU libc compatible malloc
configure:6572: gcc -o conftest -g -O2   conftest.c -ltagaligner -lenca -lxml++-2.6 -ltidy -ltextcat  >&5
configure:6575: $? = 0
configure:6581: ./conftest
configure:6584: $? = 0
configure:6600: result: yes
configure:6633: checking for stdlib.h
configure:6639: result: yes
configure:6773: checking for GNU libc compatible realloc
configure:6807: gcc -o conftest -g -O2   conftest.c -ltagaligner -lenca -lxml++-2.6 -ltidy -ltextcat  >&5
configure:6810: $? = 0
configure:6816: ./conftest
configure:6819: $? = 0
configure:6835: result: yes
configure:6863: checking whether lstat dereferences a symlink specified with a trailing slash
configure:6899: gcc -o conftest -g -O2   conftest.c -ltagaligner -lenca -lxml++-2.6 -ltidy -ltextcat  >&5
configure:6902: $? = 0
configure:6908: ./conftest
configure:6911: $? = 0
configure:6934: result: yes
configure:6953: checking whether stat accepts an empty string
configure:6983: gcc -o conftest -g -O2   conftest.c -ltagaligner -lenca -lxml++-2.6 -ltidy -ltextcat  >&5
configure:6986: $? = 0
configure:6992: ./conftest
configure:6995: $? = 0
configure:7011: result: no
configure:7033: checking for memset
configure:7089: gcc -o conftest -g -O2   conftest.c -ltagaligner -lenca -lxml++-2.6 -ltidy -ltextcat  >&5
conftest.c:57: warning: conflicting types for built-in function 'memset'
configure:7095: $? = 0
configure:7113: result: yes
configure:7033: checking for mkdir
configure:7089: gcc -o conftest -g -O2   conftest.c -ltagaligner -lenca -lxml++-2.6 -ltidy -ltextcat  >&5
configure:7095: $? = 0
configure:7113: result: yes
configure:7033: checking for strndup
configure:7089: gcc -o conftest -g -O2   conftest.c -ltagaligner -lenca -lxml++-2.6 -ltidy -ltextcat  >&5
conftest.c:59: warning: conflicting types for built-in function 'strndup'
configure:7095: $? = 0
configure:7113: result: yes
configure:7247: creating ./config.status

## ---------------- ##
## Cache variables. ##
## ---------------- ##

ac_cv_c_compiler_gnu=yes
ac_cv_c_const=yes
ac_cv_c_int16_t=yes
ac_cv_c_int32_t=yes
ac_cv_c_int8_t=yes
ac_cv_c_uint16_t=yes
ac_cv_c_uint32_t=yes
ac_cv_c_uint8_t=yes
ac_cv_cxx_compiler_gnu=yes
ac_cv_env_CCC_set=
ac_cv_env_CCC_value=
ac_cv_env_CC_set=
ac_cv_env_CC_value=
ac_cv_env_CFLAGS_set=
ac_cv_env_CFLAGS_value=
ac_cv_env_CPPFLAGS_set=
ac_cv_env_CPPFLAGS_value=
ac_cv_env_CPP_set=
ac_cv_env_CPP_value=
ac_cv_env_CXXFLAGS_set=
ac_cv_env_CXXFLAGS_value=
ac_cv_env_CXX_set=
ac_cv_env_CXX_value=
ac_cv_env_LDFLAGS_set=
ac_cv_env_LDFLAGS_value=
ac_cv_env_LIBS_set=
ac_cv_env_LIBS_value=
ac_cv_env_build_alias_set=
ac_cv_env_build_alias_value=
ac_cv_env_host_alias_set=
ac_cv_env_host_alias_value=
ac_cv_env_target_alias_set=
ac_cv_env_target_alias_value=
ac_cv_func_closedir_void=no
ac_cv_func_lstat_dereferences_slashed_symlink=yes
ac_cv_func_malloc_0_nonnull=yes
ac_cv_func_memset=yes
ac_cv_func_mkdir=yes
ac_cv_func_realloc_0_nonnull=yes
ac_cv_func_stat_empty_string_bug=no
ac_cv_func_strndup=yes
ac_cv_header_dirent_dirent_h=yes
ac_cv_header_inttypes_h=yes
ac_cv_header_memory_h=yes
ac_cv_header_stdbool_h=yes
ac_cv_header_stdc=yes
ac_cv_header_stdint_h=yes
ac_cv_header_stdlib_h=yes
ac_cv_header_string_h=yes
ac_cv_header_strings_h=yes
ac_cv_header_sys_stat_h=yes
ac_cv_header_sys_types_h=yes
ac_cv_header_unistd_h=yes
ac_cv_lib_enca_main=yes
ac_cv_lib_tagaligner_main=yes
ac_cv_lib_textcat_main=yes
ac_cv_lib_tidy_main=yes
ac_cv_lib_xmlpp_2_6_main=yes
ac_cv_objext=o
ac_cv_path_EGREP='/bin/grep -E'
ac_cv_path_GREP=/bin/grep
ac_cv_path_install='/usr/bin/install -c'
ac_cv_path_mkdir=/bin/mkdir
ac_cv_prog_AWK=mawk
ac_cv_prog_CPP='gcc -E'
ac_cv_prog_ac_ct_CC=gcc
ac_cv_prog_ac_ct_CXX=g++
ac_cv_prog_ac_ct_HTTRACK=httrack
ac_cv_prog_cc_c89=
ac_cv_prog_cc_g=yes
ac_cv_prog_cxx_g=yes
ac_cv_prog_make_make_set=yes
ac_cv_search_opendir='none required'
ac_cv_type__Bool=yes
ac_cv_type_size_t=yes
am_cv_CC_dependencies_compiler_type=gcc3
am_cv_CXX_dependencies_compiler_type=gcc3

## ----------------- ##
## Output variables. ##
## ----------------- ##

ACLOCAL='${SHELL} /home/miquel/Bitextor/bitextor/branches/miquelespla/bitextor-2.0.0/missing --run aclocal-1.10'
AMDEPBACKSLASH='\'
AMDEP_FALSE='#'
AMDEP_TRUE=''
AMTAR='${SHELL} /home/miquel/Bitextor/bitextor/branches/miquelespla/bitextor-2.0.0/missing --run tar'
AUTOCONF='${SHELL} /home/miquel/Bitextor/bitextor/branches/miquelespla/bitextor-2.0.0/missing --run autoconf'
AUTOHEADER='${SHELL} /home/miquel/Bitextor/bitextor/branches/miquelespla/bitextor-2.0.0/missing --run autoheader'
AUTOMAKE='${SHELL} /home/miquel/Bitextor/bitextor/branches/miquelespla/bitextor-2.0.0/missing --run automake-1.10'
AWK='mawk'
CC='gcc'
CCDEPMODE='depmode=gcc3'
CFLAGS='-g -O2'
CPP='gcc -E'
CPPFLAGS=''
CXX='g++'
CXXDEPMODE='depmode=gcc3'
CXXFLAGS='-g -O2'
CYGPATH_W='echo'
DEFS='-DHAVE_CONFIG_H'
DEPDIR='.deps'
ECHO_C=''
ECHO_N='-n'
ECHO_T=''
EGREP='/bin/grep -E'
EXEEXT=''
GENERIC_API_VERSION='2.1'
GENERIC_LIBRARY_NAME='bitextor'
GENERIC_LIBRARY_VERSION='2:0:0'
GENERIC_RELEASE='2.1rc1'
GENERIC_VERSION='2.1rc1'
GREP='/bin/grep'
HTTRACK='httrack'
INSTALL_DATA='${INSTALL} -m 644'
INSTALL_PROGRAM='${INSTALL}'
INSTALL_SCRIPT='${INSTALL}'
INSTALL_STRIP_PROGRAM='$(install_sh) -c -s'
LDFLAGS=''
LIBOBJS=''
LIBS='-ltagaligner -lenca -lxml++-2.6 -ltidy -ltextcat '
LTLIBOBJS=''
MAKEINFO='${SHELL} /home/miquel/Bitextor/bitextor/branches/miquelespla/bitextor-2.0.0/missing --run makeinfo'
OBJEXT='o'
PACKAGE='bitextor'
PACKAGE_BUGREPORT='miquelespla@gmail.com'
PACKAGE_NAME='bitextor'
PACKAGE_STRING='bitextor 2.1rc1'
PACKAGE_TARNAME='bitextor'
PACKAGE_VERSION='2.1rc1'
PATH_SEPARATOR=':'
SET_MAKE=''
SHELL='/bin/bash'
STRIP=''
VERSION='2.1rc1'
ac_ct_CC='gcc'
ac_ct_CXX='g++'
am__fastdepCC_FALSE='#'
am__fastdepCC_TRUE=''
am__fastdepCXX_FALSE='#'
am__fastdepCXX_TRUE=''
am__include='include'
am__isrc=''
am__leading_dot='.'
am__quote=''
am__tar='${AMTAR} chof - "$$tardir"'
am__untar='${AMTAR} xf -'
bindir='${exec_prefix}/bin'
build_alias=''
datadir='${datarootdir}'
datarootdir='${prefix}/share'
docdir='${datarootdir}/doc/${PACKAGE_TARNAME}'
dvidir='${docdir}'
exec_prefix='${prefix}'
host_alias=''
htmldir='${docdir}'
includedir='${prefix}/include'
infodir='${datarootdir}/info'
install_sh='$(SHELL) /home/miquel/Bitextor/bitextor/branches/miquelespla/bitextor-2.0.0/install-sh'
libdir='${exec_prefix}/lib'
libexecdir='${exec_prefix}/libexec'
localedir='${datarootdir}/locale'
localstatedir='${prefix}/var'
mandir='${datarootdir}/man'
mkdir_p='/bin/mkdir -p'
oldincludedir='/usr/include'
pdfdir='${docdir}'
prefix='/usr/local'
program_transform_name='s,x,x,'
psdir='${docdir}'
sbindir='${exec_prefix}/sbin'
sharedstatedir='${prefix}/com'
sysconfdir='${prefix}/etc'
target_alias=''

## ----------- ##
## confdefs.h. ##
## ----------- ##

#define PACKAGE_NAME "bitextor"
#define PACKAGE_TARNAME "bitextor"
#define PACKAGE_VERSION "2.1rc1"
#define PACKAGE_STRING "bitextor 2.1rc1"
#define PACKAGE_BUGREPORT "miquelespla@gmail.com"
#define HAVE_LIBTEXTCAT 1
#define HAVE_LIBTIDY 1
#define HAVE_LIBXML___2_6 1
#define HAVE_LIBENCA 1
#define HAVE_LIBTAGALIGNER 1
#define HAVE_DIRENT_H 1
#define STDC_HEADERS 1
#define HAVE_SYS_TYPES_H 1
#define HAVE_SYS_STAT_H 1
#define HAVE_STDLIB_H 1
#define HAVE_STRING_H 1
#define HAVE_MEMORY_H 1
#define HAVE_STRINGS_H 1
#define HAVE_INTTYPES_H 1
#define HAVE_STDINT_H 1
#define HAVE_UNISTD_H 1
#define HAVE_INTTYPES_H 1
#define HAVE_STDLIB_H 1
#define HAVE_UNISTD_H 1
#define HAVE__BOOL 1
#define HAVE_STDBOOL_H 1
#define HAVE_STDLIB_H 1
#define HAVE_MALLOC 1
#define HAVE_STDLIB_H 1
#define HAVE_REALLOC 1
#define LSTAT_FOLLOWS_SLASHED_SYMLINK 1
#define HAVE_MEMSET 1
#define HAVE_MKDIR 1
#define HAVE_STRNDUP 1

configure: exit 0

## ---------------------- ##
## Running config.status. ##
## ---------------------- ##

This file was extended by bitextor config.status 2.1rc1, which was
generated by GNU Autoconf 2.61.  Invocation command line was

  CONFIG_FILES    = 
  CONFIG_HEADERS  = 
  CONFIG_LINKS    = 
  CONFIG_COMMANDS = 
  $ ./config.status 

on elcampello

config.status:648: creating Makefile
config.status:648: creating src/Makefile
config.status:648: creating config.h
config.status:938: executing depfiles commands

## ---------------------- ##
## Running config.status. ##
## ---------------------- ##

This file was extended by bitextor config.status 2.1rc1, which was
generated by GNU Autoconf 2.61.  Invocation command line was

  CONFIG_FILES    = 
  CONFIG_HEADERS  = 
  CONFIG_LINKS    = 
  CONFIG_COMMANDS = 
  $ ./config.status config.h

on elcampello

config.status:648: creating config.h
config.status:891: config.h is unchanged
