This file contains any messages produced by compilers while
running configure, to aid debugging if configure makes a mistake.

It was created by bitextor configure 3.1, which was
generated by GNU Autoconf 2.63.  Invocation command line was

  $ ./configure 

## --------- ##
## Platform. ##
## --------- ##

hostname = miquel
uname -m = i686
uname -r = 2.6.28-16-generic
uname -s = Linux
uname -v = #55-Ubuntu SMP Tue Oct 20 19:48:24 UTC 2009

/usr/bin/uname -p = unknown
/bin/uname -X     = unknown

/bin/arch              = unknown
/usr/bin/arch -k       = unknown
/usr/convex/getsysinfo = unknown
/usr/bin/hostinfo      = unknown
/bin/machine           = unknown
/usr/bin/oslevel       = unknown
/bin/universe          = unknown

PATH: /usr/local/sbin
PATH: /usr/local/bin
PATH: /usr/sbin
PATH: /usr/bin
PATH: /sbin
PATH: /bin
PATH: /usr/games


## ----------- ##
## Core tests. ##
## ----------- ##

configure:1937: checking for a BSD-compatible install
configure:2005: result: /usr/bin/install -c
configure:2016: checking whether build environment is sane
configure:2059: result: yes
configure:2084: checking for a thread-safe mkdir -p
configure:2123: result: /bin/mkdir -p
configure:2136: checking for gawk
configure:2152: found /usr/bin/gawk
configure:2163: result: gawk
configure:2174: checking whether make sets $(MAKE)
configure:2196: result: yes
configure:2431: checking for g++
configure:2447: found /usr/bin/g++
configure:2458: result: g++
configure:2485: checking for C++ compiler version
configure:2493: g++ --version >&5
g++ (Ubuntu 4.3.3-5ubuntu4) 4.3.3
Copyright (C) 2008 Free Software Foundation, Inc.
This is free software; see the source for copying conditions.  There is NO
warranty; not even for MERCHANTABILITY or FITNESS FOR A PARTICULAR PURPOSE.

configure:2497: $? = 0
configure:2504: g++ -v >&5
Using built-in specs.
Target: i486-linux-gnu
Configured with: ../src/configure -v --with-pkgversion='Ubuntu 4.3.3-5ubuntu4' --with-bugurl=file:///usr/share/doc/gcc-4.3/README.Bugs --enable-languages=c,c++,fortran,objc,obj-c++ --prefix=/usr --enable-shared --with-system-zlib --libexecdir=/usr/lib --without-included-gettext --enable-threads=posix --enable-nls --with-gxx-include-dir=/usr/include/c++/4.3 --program-suffix=-4.3 --enable-clocale=gnu --enable-libstdcxx-debug --enable-objc-gc --enable-mpfr --enable-targets=all --with-tune=generic --enable-checking=release --build=i486-linux-gnu --host=i486-linux-gnu --target=i486-linux-gnu
Thread model: posix
gcc version 4.3.3 (Ubuntu 4.3.3-5ubuntu4) 
configure:2508: $? = 0
configure:2515: g++ -V >&5
g++: '-V' option must have argument
configure:2519: $? = 1
configure:2542: checking for C++ compiler default output file name
configure:2564: g++    conftest.cpp  >&5
configure:2568: $? = 0
configure:2606: result: a.out
configure:2625: checking whether the C++ compiler works
configure:2635: ./a.out
configure:2639: $? = 0
configure:2658: result: yes
configure:2665: checking whether we are cross compiling
configure:2667: result: no
configure:2670: checking for suffix of executables
configure:2677: g++ -o conftest    conftest.cpp  >&5
configure:2681: $? = 0
configure:2707: result: 
configure:2713: checking for suffix of object files
configure:2739: g++ -c   conftest.cpp >&5
configure:2743: $? = 0
configure:2768: result: o
configure:2772: checking whether we are using the GNU C++ compiler
configure:2801: g++ -c   conftest.cpp >&5
configure:2808: $? = 0
configure:2825: result: yes
configure:2834: checking whether g++ accepts -g
configure:2864: g++ -c -g  conftest.cpp >&5
configure:2871: $? = 0
configure:2972: result: yes
configure:3006: checking for style of include used by make
configure:3034: result: GNU
configure:3059: checking dependency style of g++
configure:3150: result: gcc3
configure:3213: checking for gcc
configure:3229: found /usr/bin/gcc
configure:3240: result: gcc
configure:3472: checking for C compiler version
configure:3480: gcc --version >&5
gcc (Ubuntu 4.3.3-5ubuntu4) 4.3.3
Copyright (C) 2008 Free Software Foundation, Inc.
This is free software; see the source for copying conditions.  There is NO
warranty; not even for MERCHANTABILITY or FITNESS FOR A PARTICULAR PURPOSE.

configure:3484: $? = 0
configure:3491: gcc -v >&5
Using built-in specs.
Target: i486-linux-gnu
Configured with: ../src/configure -v --with-pkgversion='Ubuntu 4.3.3-5ubuntu4' --with-bugurl=file:///usr/share/doc/gcc-4.3/README.Bugs --enable-languages=c,c++,fortran,objc,obj-c++ --prefix=/usr --enable-shared --with-system-zlib --libexecdir=/usr/lib --without-included-gettext --enable-threads=posix --enable-nls --with-gxx-include-dir=/usr/include/c++/4.3 --program-suffix=-4.3 --enable-clocale=gnu --enable-libstdcxx-debug --enable-objc-gc --enable-mpfr --enable-targets=all --with-tune=generic --enable-checking=release --build=i486-linux-gnu --host=i486-linux-gnu --target=i486-linux-gnu
Thread model: posix
gcc version 4.3.3 (Ubuntu 4.3.3-5ubuntu4) 
configure:3495: $? = 0
configure:3502: gcc -V >&5
gcc: '-V' option must have argument
configure:3506: $? = 1
configure:3509: checking whether we are using the GNU C compiler
configure:3538: gcc -c   conftest.c >&5
configure:3545: $? = 0
configure:3562: result: yes
configure:3571: checking whether gcc accepts -g
configure:3601: gcc -c -g  conftest.c >&5
configure:3608: $? = 0
configure:3709: result: yes
configure:3726: checking for gcc option to accept ISO C89
configure:3800: gcc  -c -g -O2  conftest.c >&5
configure:3807: $? = 0
configure:3830: result: none needed
configure:3850: checking dependency style of gcc
configure:3941: result: gcc3
configure:3999: checking for httrack
configure:4015: found /usr/bin/httrack
configure:4026: result: httrack
configure:4118: checking for pkg-config
configure:4136: found /usr/bin/pkg-config
configure:4148: result: /usr/bin/pkg-config
configure:4173: checking pkg-config is at least version 0.9.0
configure:4176: result: yes
configure:4187: checking for BITEXTOR
configure:4195: $PKG_CONFIG --exists --print-errors "                  libtagaligner-3.1 >= 3.1.0                   enca >= 1.9                   libxml-2.0 >= 2.6.17"
configure:4198: $? = 0
configure:4213: $PKG_CONFIG --exists --print-errors "                  libtagaligner-3.1 >= 3.1.0                   enca >= 1.9                   libxml-2.0 >= 2.6.17"
configure:4216: $? = 0
configure:4294: result: yes
configure:4303: checking for main in -ltextcat
configure:4332: gcc -o conftest -g -O2   conftest.c -ltextcat   >&5
configure:4339: $? = 0
configure:4360: result: yes
configure:4392: checking for main in -ltidy
configure:4421: gcc -o conftest -g -O2   conftest.c -ltidy  -ltextcat  >&5
configure:4428: $? = 0
configure:4449: result: yes
configure:4480: checking for main in -ltre
configure:4509: gcc -o conftest -g -O2   conftest.c -ltre  -ltidy -ltextcat  >&5
configure:4516: $? = 0
configure:4537: result: yes
configure:4577: checking for dirent.h that defines DIR
configure:4606: gcc -c -g -O2  conftest.c >&5
configure:4613: $? = 0
configure:4630: result: yes
configure:4645: checking for library containing opendir
configure:4686: gcc -o conftest -g -O2   conftest.c -ltre -ltidy -ltextcat  >&5
configure:4693: $? = 0
configure:4724: result: none required
configure:4827: checking how to run the C preprocessor
configure:4867: gcc -E  conftest.c
configure:4874: $? = 0
configure:4905: gcc -E  conftest.c
conftest.c:12:28: error: ac_nonexistent.h: No such file or directory
configure:4912: $? = 1
configure: failed program was:
| /* confdefs.h.  */
| #define PACKAGE_NAME "bitextor"
| #define PACKAGE_TARNAME "bitextor"
| #define PACKAGE_VERSION "3.1"
| #define PACKAGE_STRING "bitextor 3.1"
| #define PACKAGE_BUGREPORT "miquel.espla@ua.com"
| #define HAVE_LIBTEXTCAT 1
| #define HAVE_LIBTIDY 1
| #define HAVE_LIBTRE 1
| #define HAVE_DIRENT_H 1
| /* end confdefs.h.  */
| #include <ac_nonexistent.h>
configure:4945: result: gcc -E
configure:4974: gcc -E  conftest.c
configure:4981: $? = 0
configure:5012: gcc -E  conftest.c
conftest.c:12:28: error: ac_nonexistent.h: No such file or directory
configure:5019: $? = 1
configure: failed program was:
| /* confdefs.h.  */
| #define PACKAGE_NAME "bitextor"
| #define PACKAGE_TARNAME "bitextor"
| #define PACKAGE_VERSION "3.1"
| #define PACKAGE_STRING "bitextor 3.1"
| #define PACKAGE_BUGREPORT "miquel.espla@ua.com"
| #define HAVE_LIBTEXTCAT 1
| #define HAVE_LIBTIDY 1
| #define HAVE_LIBTRE 1
| #define HAVE_DIRENT_H 1
| /* end confdefs.h.  */
| #include <ac_nonexistent.h>
configure:5059: checking for grep that handles long lines and -e
configure:5119: result: /bin/grep
configure:5124: checking for egrep
configure:5188: result: /bin/grep -E
configure:5193: checking for ANSI C header files
configure:5223: gcc -c -g -O2  conftest.c >&5
configure:5230: $? = 0
configure:5329: gcc -o conftest -g -O2   conftest.c -ltre -ltidy -ltextcat  >&5
configure:5333: $? = 0
configure:5339: ./conftest
configure:5343: $? = 0
configure:5361: result: yes
configure:5385: checking for sys/types.h
configure:5406: gcc -c -g -O2  conftest.c >&5
configure:5413: $? = 0
configure:5430: result: yes
configure:5385: checking for sys/stat.h
configure:5406: gcc -c -g -O2  conftest.c >&5
configure:5413: $? = 0
configure:5430: result: yes
configure:5385: checking for stdlib.h
configure:5406: gcc -c -g -O2  conftest.c >&5
configure:5413: $? = 0
configure:5430: result: yes
configure:5385: checking for string.h
configure:5406: gcc -c -g -O2  conftest.c >&5
configure:5413: $? = 0
configure:5430: result: yes
configure:5385: checking for memory.h
configure:5406: gcc -c -g -O2  conftest.c >&5
configure:5413: $? = 0
configure:5430: result: yes
configure:5385: checking for strings.h
configure:5406: gcc -c -g -O2  conftest.c >&5
configure:5413: $? = 0
configure:5430: result: yes
configure:5385: checking for inttypes.h
configure:5406: gcc -c -g -O2  conftest.c >&5
configure:5413: $? = 0
configure:5430: result: yes
configure:5385: checking for stdint.h
configure:5406: gcc -c -g -O2  conftest.c >&5
configure:5413: $? = 0
configure:5430: result: yes
configure:5385: checking for unistd.h
configure:5406: gcc -c -g -O2  conftest.c >&5
configure:5413: $? = 0
configure:5430: result: yes
configure:5465: checking stdio.h usability
configure:5482: gcc -c -g -O2  conftest.c >&5
configure:5489: $? = 0
configure:5503: result: yes
configure:5507: checking stdio.h presence
configure:5522: gcc -E  conftest.c
configure:5529: $? = 0
configure:5543: result: yes
configure:5576: checking for stdio.h
configure:5585: result: yes
configure:5454: checking for stdlib.h
configure:5461: result: yes
configure:5454: checking for string.h
configure:5461: result: yes
configure:5465: checking stddef.h usability
configure:5482: gcc -c -g -O2  conftest.c >&5
configure:5489: $? = 0
configure:5503: result: yes
configure:5507: checking stddef.h presence
configure:5522: gcc -E  conftest.c
configure:5529: $? = 0
configure:5543: result: yes
configure:5576: checking for stddef.h
configure:5585: result: yes
configure:5465: checking ctype.h usability
configure:5482: gcc -c -g -O2  conftest.c >&5
configure:5489: $? = 0
configure:5503: result: yes
configure:5507: checking ctype.h presence
configure:5522: gcc -E  conftest.c
configure:5529: $? = 0
configure:5543: result: yes
configure:5576: checking for ctype.h
configure:5585: result: yes
configure:5465: checking time.h usability
configure:5482: gcc -c -g -O2  conftest.c >&5
configure:5489: $? = 0
configure:5503: result: yes
configure:5507: checking time.h presence
configure:5522: gcc -E  conftest.c
configure:5529: $? = 0
configure:5543: result: yes
configure:5576: checking for time.h
configure:5585: result: yes
configure:5621: checking tidy/tidy.h usability
configure:5638: gcc -c -g -O2  conftest.c >&5
configure:5645: $? = 0
configure:5659: result: yes
configure:5663: checking tidy/tidy.h presence
configure:5678: gcc -E  conftest.c
configure:5685: $? = 0
configure:5699: result: yes
configure:5732: checking for tidy/tidy.h
configure:5741: result: yes
configure:5621: checking tidy/tidyenum.h usability
configure:5638: gcc -c -g -O2  conftest.c >&5
configure:5645: $? = 0
configure:5659: result: yes
configure:5663: checking tidy/tidyenum.h presence
configure:5678: gcc -E  conftest.c
configure:5685: $? = 0
configure:5699: result: yes
configure:5732: checking for tidy/tidyenum.h
configure:5741: result: yes
configure:5621: checking tidy/buffio.h usability
configure:5638: gcc -c -g -O2  conftest.c >&5
configure:5645: $? = 0
configure:5659: result: yes
configure:5663: checking tidy/buffio.h presence
configure:5678: gcc -E  conftest.c
configure:5685: $? = 0
configure:5699: result: yes
configure:5732: checking for tidy/buffio.h
configure:5741: result: yes
configure:5621: checking tidy/plataform.h usability
configure:5638: gcc -c -g -O2  conftest.c >&5
conftest.c:64:28: error: tidy/plataform.h: No such file or directory
configure:5645: $? = 1
configure: failed program was:
| /* confdefs.h.  */
| #define PACKAGE_NAME "bitextor"
| #define PACKAGE_TARNAME "bitextor"
| #define PACKAGE_VERSION "3.1"
| #define PACKAGE_STRING "bitextor 3.1"
| #define PACKAGE_BUGREPORT "miquel.espla@ua.com"
| #define HAVE_LIBTEXTCAT 1
| #define HAVE_LIBTIDY 1
| #define HAVE_LIBTRE 1
| #define HAVE_DIRENT_H 1
| #define STDC_HEADERS 1
| #define HAVE_SYS_TYPES_H 1
| #define HAVE_SYS_STAT_H 1
| #define HAVE_STDLIB_H 1
| #define HAVE_STRING_H 1
| #define HAVE_MEMORY_H 1
| #define HAVE_STRINGS_H 1
| #define HAVE_INTTYPES_H 1
| #define HAVE_STDINT_H 1
| #define HAVE_UNISTD_H 1
| #define HAVE_STDIO_H 1
| #define HAVE_STDLIB_H 1
| #define HAVE_STRING_H 1
| #define HAVE_STDDEF_H 1
| #define HAVE_CTYPE_H 1
| #define HAVE_TIME_H 1
| #define HAVE_TIDY_TIDY_H 1
| #define HAVE_TIDY_TIDYENUM_H 1
| #define HAVE_TIDY_BUFFIO_H 1
| /* end confdefs.h.  */
| #include <stdio.h>
| #ifdef HAVE_SYS_TYPES_H
| # include <sys/types.h>
| #endif
| #ifdef HAVE_SYS_STAT_H
| # include <sys/stat.h>
| #endif
| #ifdef STDC_HEADERS
| # include <stdlib.h>
| # include <stddef.h>
| #else
| # ifdef HAVE_STDLIB_H
| #  include <stdlib.h>
| # endif
| #endif
| #ifdef HAVE_STRING_H
| # if !defined STDC_HEADERS && defined HAVE_MEMORY_H
| #  include <memory.h>
| # endif
| # include <string.h>
| #endif
| #ifdef HAVE_STRINGS_H
| # include <strings.h>
| #endif
| #ifdef HAVE_INTTYPES_H
| # include <inttypes.h>
| #endif
| #ifdef HAVE_STDINT_H
| # include <stdint.h>
| #endif
| #ifdef HAVE_UNISTD_H
| # include <unistd.h>
| #endif
| #include <tidy/plataform.h>
configure:5659: result: no
configure:5663: checking tidy/plataform.h presence
configure:5678: gcc -E  conftest.c
conftest.c:31:28: error: tidy/plataform.h: No such file or directory
configure:5685: $? = 1
configure: failed program was:
| /* confdefs.h.  */
| #define PACKAGE_NAME "bitextor"
| #define PACKAGE_TARNAME "bitextor"
| #define PACKAGE_VERSION "3.1"
| #define PACKAGE_STRING "bitextor 3.1"
| #define PACKAGE_BUGREPORT "miquel.espla@ua.com"
| #define HAVE_LIBTEXTCAT 1
| #define HAVE_LIBTIDY 1
| #define HAVE_LIBTRE 1
| #define HAVE_DIRENT_H 1
| #define STDC_HEADERS 1
| #define HAVE_SYS_TYPES_H 1
| #define HAVE_SYS_STAT_H 1
| #define HAVE_STDLIB_H 1
| #define HAVE_STRING_H 1
| #define HAVE_MEMORY_H 1
| #define HAVE_STRINGS_H 1
| #define HAVE_INTTYPES_H 1
| #define HAVE_STDINT_H 1
| #define HAVE_UNISTD_H 1
| #define HAVE_STDIO_H 1
| #define HAVE_STDLIB_H 1
| #define HAVE_STRING_H 1
| #define HAVE_STDDEF_H 1
| #define HAVE_CTYPE_H 1
| #define HAVE_TIME_H 1
| #define HAVE_TIDY_TIDY_H 1
| #define HAVE_TIDY_TIDYENUM_H 1
| #define HAVE_TIDY_BUFFIO_H 1
| /* end confdefs.h.  */
| #include <tidy/plataform.h>
configure:5699: result: no
configure:5732: checking for tidy/plataform.h
configure:5741: result: no
configure:5621: checking textcat.h usability
configure:5638: gcc -c -g -O2  conftest.c >&5
configure:5645: $? = 0
configure:5659: result: yes
configure:5663: checking textcat.h presence
configure:5678: gcc -E  conftest.c
configure:5685: $? = 0
configure:5699: result: yes
configure:5732: checking for textcat.h
configure:5741: result: yes
configure:5759: checking for stdbool.h that conforms to C99
configure:5854: gcc -c -g -O2  conftest.c >&5
configure:5861: $? = 0
configure:5876: result: yes
configure:5878: checking for _Bool
configure:5906: gcc -c -g -O2  conftest.c >&5
configure:5913: $? = 0
configure:5940: gcc -c -g -O2  conftest.c >&5
conftest.c: In function 'main':
conftest.c:68: error: expected expression before ')' token
configure:5947: $? = 1
configure: failed program was:
| /* confdefs.h.  */
| #define PACKAGE_NAME "bitextor"
| #define PACKAGE_TARNAME "bitextor"
| #define PACKAGE_VERSION "3.1"
| #define PACKAGE_STRING "bitextor 3.1"
| #define PACKAGE_BUGREPORT "miquel.espla@ua.com"
| #define HAVE_LIBTEXTCAT 1
| #define HAVE_LIBTIDY 1
| #define HAVE_LIBTRE 1
| #define HAVE_DIRENT_H 1
| #define STDC_HEADERS 1
| #define HAVE_SYS_TYPES_H 1
| #define HAVE_SYS_STAT_H 1
| #define HAVE_STDLIB_H 1
| #define HAVE_STRING_H 1
| #define HAVE_MEMORY_H 1
| #define HAVE_STRINGS_H 1
| #define HAVE_INTTYPES_H 1
| #define HAVE_STDINT_H 1
| #define HAVE_UNISTD_H 1
| #define HAVE_STDIO_H 1
| #define HAVE_STDLIB_H 1
| #define HAVE_STRING_H 1
| #define HAVE_STDDEF_H 1
| #define HAVE_CTYPE_H 1
| #define HAVE_TIME_H 1
| #define HAVE_TIDY_TIDY_H 1
| #define HAVE_TIDY_TIDYENUM_H 1
| #define HAVE_TIDY_BUFFIO_H 1
| #define HAVE_TEXTCAT_H 1
| /* end confdefs.h.  */
| #include <stdio.h>
| #ifdef HAVE_SYS_TYPES_H
| # include <sys/types.h>
| #endif
| #ifdef HAVE_SYS_STAT_H
| # include <sys/stat.h>
| #endif
| #ifdef STDC_HEADERS
| # include <stdlib.h>
| # include <stddef.h>
| #else
| # ifdef HAVE_STDLIB_H
| #  include <stdlib.h>
| # endif
| #endif
| #ifdef HAVE_STRING_H
| # if !defined STDC_HEADERS && defined HAVE_MEMORY_H
| #  include <memory.h>
| # endif
| # include <string.h>
| #endif
| #ifdef HAVE_STRINGS_H
| # include <strings.h>
| #endif
| #ifdef HAVE_INTTYPES_H
| # include <inttypes.h>
| #endif
| #ifdef HAVE_STDINT_H
| # include <stdint.h>
| #endif
| #ifdef HAVE_UNISTD_H
| # include <unistd.h>
| #endif
| int
| main ()
| {
| if (sizeof ((_Bool)))
| 	  return 0;
|   ;
|   return 0;
| }
configure:5970: result: yes
configure:5989: checking for an ANSI C-conforming const
configure:6064: gcc -c -g -O2  conftest.c >&5
configure:6071: $? = 0
configure:6086: result: yes
configure:6097: checking for int16_t
configure:6128: gcc -c -g -O2  conftest.c >&5
configure:6135: $? = 0
configure:6164: gcc -c -g -O2  conftest.c >&5
conftest.c: In function 'main':
conftest.c:71: error: size of array 'test_array' is negative
configure:6171: $? = 1
configure: failed program was:
| /* confdefs.h.  */
| #define PACKAGE_NAME "bitextor"
| #define PACKAGE_TARNAME "bitextor"
| #define PACKAGE_VERSION "3.1"
| #define PACKAGE_STRING "bitextor 3.1"
| #define PACKAGE_BUGREPORT "miquel.espla@ua.com"
| #define HAVE_LIBTEXTCAT 1
| #define HAVE_LIBTIDY 1
| #define HAVE_LIBTRE 1
| #define HAVE_DIRENT_H 1
| #define STDC_HEADERS 1
| #define HAVE_SYS_TYPES_H 1
| #define HAVE_SYS_STAT_H 1
| #define HAVE_STDLIB_H 1
| #define HAVE_STRING_H 1
| #define HAVE_MEMORY_H 1
| #define HAVE_STRINGS_H 1
| #define HAVE_INTTYPES_H 1
| #define HAVE_STDINT_H 1
| #define HAVE_UNISTD_H 1
| #define HAVE_STDIO_H 1
| #define HAVE_STDLIB_H 1
| #define HAVE_STRING_H 1
| #define HAVE_STDDEF_H 1
| #define HAVE_CTYPE_H 1
| #define HAVE_TIME_H 1
| #define HAVE_TIDY_TIDY_H 1
| #define HAVE_TIDY_TIDYENUM_H 1
| #define HAVE_TIDY_BUFFIO_H 1
| #define HAVE_TEXTCAT_H 1
| #define HAVE__BOOL 1
| #define HAVE_STDBOOL_H 1
| /* end confdefs.h.  */
| #include <stdio.h>
| #ifdef HAVE_SYS_TYPES_H
| # include <sys/types.h>
| #endif
| #ifdef HAVE_SYS_STAT_H
| # include <sys/stat.h>
| #endif
| #ifdef STDC_HEADERS
| # include <stdlib.h>
| # include <stddef.h>
| #else
| # ifdef HAVE_STDLIB_H
| #  include <stdlib.h>
| # endif
| #endif
| #ifdef HAVE_STRING_H
| # if !defined STDC_HEADERS && defined HAVE_MEMORY_H
| #  include <memory.h>
| # endif
| # include <string.h>
| #endif
| #ifdef HAVE_STRINGS_H
| # include <strings.h>
| #endif
| #ifdef HAVE_INTTYPES_H
| # include <inttypes.h>
| #endif
| #ifdef HAVE_STDINT_H
| # include <stdint.h>
| #endif
| #ifdef HAVE_UNISTD_H
| # include <unistd.h>
| #endif
| int
| main ()
| {
| static int test_array [1 - 2 * !((int16_t) ((((int16_t) 1 << (16 - 2)) - 1) * 2 + 1)
| 		 < (int16_t) ((((int16_t) 1 << (16 - 2)) - 1) * 2 + 2))];
| test_array [0] = 0
| 
|   ;
|   return 0;
| }
configure:6200: result: yes
configure:6213: checking for int32_t
configure:6244: gcc -c -g -O2  conftest.c >&5
configure:6251: $? = 0
configure:6280: gcc -c -g -O2  conftest.c >&5
conftest.c: In function 'main':
conftest.c:71: warning: integer overflow in expression
conftest.c:71: error: size of array 'test_array' is negative
configure:6287: $? = 1
configure: failed program was:
| /* confdefs.h.  */
| #define PACKAGE_NAME "bitextor"
| #define PACKAGE_TARNAME "bitextor"
| #define PACKAGE_VERSION "3.1"
| #define PACKAGE_STRING "bitextor 3.1"
| #define PACKAGE_BUGREPORT "miquel.espla@ua.com"
| #define HAVE_LIBTEXTCAT 1
| #define HAVE_LIBTIDY 1
| #define HAVE_LIBTRE 1
| #define HAVE_DIRENT_H 1
| #define STDC_HEADERS 1
| #define HAVE_SYS_TYPES_H 1
| #define HAVE_SYS_STAT_H 1
| #define HAVE_STDLIB_H 1
| #define HAVE_STRING_H 1
| #define HAVE_MEMORY_H 1
| #define HAVE_STRINGS_H 1
| #define HAVE_INTTYPES_H 1
| #define HAVE_STDINT_H 1
| #define HAVE_UNISTD_H 1
| #define HAVE_STDIO_H 1
| #define HAVE_STDLIB_H 1
| #define HAVE_STRING_H 1
| #define HAVE_STDDEF_H 1
| #define HAVE_CTYPE_H 1
| #define HAVE_TIME_H 1
| #define HAVE_TIDY_TIDY_H 1
| #define HAVE_TIDY_TIDYENUM_H 1
| #define HAVE_TIDY_BUFFIO_H 1
| #define HAVE_TEXTCAT_H 1
| #define HAVE__BOOL 1
| #define HAVE_STDBOOL_H 1
| /* end confdefs.h.  */
| #include <stdio.h>
| #ifdef HAVE_SYS_TYPES_H
| # include <sys/types.h>
| #endif
| #ifdef HAVE_SYS_STAT_H
| # include <sys/stat.h>
| #endif
| #ifdef STDC_HEADERS
| # include <stdlib.h>
| # include <stddef.h>
| #else
| # ifdef HAVE_STDLIB_H
| #  include <stdlib.h>
| # endif
| #endif
| #ifdef HAVE_STRING_H
| # if !defined STDC_HEADERS && defined HAVE_MEMORY_H
| #  include <memory.h>
| # endif
| # include <string.h>
| #endif
| #ifdef HAVE_STRINGS_H
| # include <strings.h>
| #endif
| #ifdef HAVE_INTTYPES_H
| # include <inttypes.h>
| #endif
| #ifdef HAVE_STDINT_H
| # include <stdint.h>
| #endif
| #ifdef HAVE_UNISTD_H
| # include <unistd.h>
| #endif
| int
| main ()
| {
| static int test_array [1 - 2 * !((int32_t) ((((int32_t) 1 << (32 - 2)) - 1) * 2 + 1)
| 		 < (int32_t) ((((int32_t) 1 << (32 - 2)) - 1) * 2 + 2))];
| test_array [0] = 0
| 
|   ;
|   return 0;
| }
configure:6316: result: yes
configure:6329: checking for int8_t
configure:6360: gcc -c -g -O2  conftest.c >&5
configure:6367: $? = 0
configure:6396: gcc -c -g -O2  conftest.c >&5
conftest.c: In function 'main':
conftest.c:71: error: size of array 'test_array' is negative
configure:6403: $? = 1
configure: failed program was:
| /* confdefs.h.  */
| #define PACKAGE_NAME "bitextor"
| #define PACKAGE_TARNAME "bitextor"
| #define PACKAGE_VERSION "3.1"
| #define PACKAGE_STRING "bitextor 3.1"
| #define PACKAGE_BUGREPORT "miquel.espla@ua.com"
| #define HAVE_LIBTEXTCAT 1
| #define HAVE_LIBTIDY 1
| #define HAVE_LIBTRE 1
| #define HAVE_DIRENT_H 1
| #define STDC_HEADERS 1
| #define HAVE_SYS_TYPES_H 1
| #define HAVE_SYS_STAT_H 1
| #define HAVE_STDLIB_H 1
| #define HAVE_STRING_H 1
| #define HAVE_MEMORY_H 1
| #define HAVE_STRINGS_H 1
| #define HAVE_INTTYPES_H 1
| #define HAVE_STDINT_H 1
| #define HAVE_UNISTD_H 1
| #define HAVE_STDIO_H 1
| #define HAVE_STDLIB_H 1
| #define HAVE_STRING_H 1
| #define HAVE_STDDEF_H 1
| #define HAVE_CTYPE_H 1
| #define HAVE_TIME_H 1
| #define HAVE_TIDY_TIDY_H 1
| #define HAVE_TIDY_TIDYENUM_H 1
| #define HAVE_TIDY_BUFFIO_H 1
| #define HAVE_TEXTCAT_H 1
| #define HAVE__BOOL 1
| #define HAVE_STDBOOL_H 1
| /* end confdefs.h.  */
| #include <stdio.h>
| #ifdef HAVE_SYS_TYPES_H
| # include <sys/types.h>
| #endif
| #ifdef HAVE_SYS_STAT_H
| # include <sys/stat.h>
| #endif
| #ifdef STDC_HEADERS
| # include <stdlib.h>
| # include <stddef.h>
| #else
| # ifdef HAVE_STDLIB_H
| #  include <stdlib.h>
| # endif
| #endif
| #ifdef HAVE_STRING_H
| # if !defined STDC_HEADERS && defined HAVE_MEMORY_H
| #  include <memory.h>
| # endif
| # include <string.h>
| #endif
| #ifdef HAVE_STRINGS_H
| # include <strings.h>
| #endif
| #ifdef HAVE_INTTYPES_H
| # include <inttypes.h>
| #endif
| #ifdef HAVE_STDINT_H
| # include <stdint.h>
| #endif
| #ifdef HAVE_UNISTD_H
| # include <unistd.h>
| #endif
| int
| main ()
| {
| static int test_array [1 - 2 * !((int8_t) ((((int8_t) 1 << (8 - 2)) - 1) * 2 + 1)
| 		 < (int8_t) ((((int8_t) 1 << (8 - 2)) - 1) * 2 + 2))];
| test_array [0] = 0
| 
|   ;
|   return 0;
| }
configure:6432: result: yes
configure:6444: checking for size_t
configure:6472: gcc -c -g -O2  conftest.c >&5
configure:6479: $? = 0
configure:6506: gcc -c -g -O2  conftest.c >&5
conftest.c: In function 'main':
conftest.c:70: error: expected expression before ')' token
configure:6513: $? = 1
configure: failed program was:
| /* confdefs.h.  */
| #define PACKAGE_NAME "bitextor"
| #define PACKAGE_TARNAME "bitextor"
| #define PACKAGE_VERSION "3.1"
| #define PACKAGE_STRING "bitextor 3.1"
| #define PACKAGE_BUGREPORT "miquel.espla@ua.com"
| #define HAVE_LIBTEXTCAT 1
| #define HAVE_LIBTIDY 1
| #define HAVE_LIBTRE 1
| #define HAVE_DIRENT_H 1
| #define STDC_HEADERS 1
| #define HAVE_SYS_TYPES_H 1
| #define HAVE_SYS_STAT_H 1
| #define HAVE_STDLIB_H 1
| #define HAVE_STRING_H 1
| #define HAVE_MEMORY_H 1
| #define HAVE_STRINGS_H 1
| #define HAVE_INTTYPES_H 1
| #define HAVE_STDINT_H 1
| #define HAVE_UNISTD_H 1
| #define HAVE_STDIO_H 1
| #define HAVE_STDLIB_H 1
| #define HAVE_STRING_H 1
| #define HAVE_STDDEF_H 1
| #define HAVE_CTYPE_H 1
| #define HAVE_TIME_H 1
| #define HAVE_TIDY_TIDY_H 1
| #define HAVE_TIDY_TIDYENUM_H 1
| #define HAVE_TIDY_BUFFIO_H 1
| #define HAVE_TEXTCAT_H 1
| #define HAVE__BOOL 1
| #define HAVE_STDBOOL_H 1
| /* end confdefs.h.  */
| #include <stdio.h>
| #ifdef HAVE_SYS_TYPES_H
| # include <sys/types.h>
| #endif
| #ifdef HAVE_SYS_STAT_H
| # include <sys/stat.h>
| #endif
| #ifdef STDC_HEADERS
| # include <stdlib.h>
| # include <stddef.h>
| #else
| # ifdef HAVE_STDLIB_H
| #  include <stdlib.h>
| # endif
| #endif
| #ifdef HAVE_STRING_H
| # if !defined STDC_HEADERS && defined HAVE_MEMORY_H
| #  include <memory.h>
| # endif
| # include <string.h>
| #endif
| #ifdef HAVE_STRINGS_H
| # include <strings.h>
| #endif
| #ifdef HAVE_INTTYPES_H
| # include <inttypes.h>
| #endif
| #ifdef HAVE_STDINT_H
| # include <stdint.h>
| #endif
| #ifdef HAVE_UNISTD_H
| # include <unistd.h>
| #endif
| int
| main ()
| {
| if (sizeof ((size_t)))
| 	  return 0;
|   ;
|   return 0;
| }
configure:6536: result: yes
configure:6549: checking for uint16_t
configure:6580: gcc -c -g -O2  conftest.c >&5
configure:6587: $? = 0
configure:6608: result: yes
configure:6622: checking for uint32_t
configure:6653: gcc -c -g -O2  conftest.c >&5
configure:6660: $? = 0
configure:6681: result: yes
configure:6699: checking for uint8_t
configure:6730: gcc -c -g -O2  conftest.c >&5
configure:6737: $? = 0
configure:6758: result: yes
configure:6777: checking whether closedir returns void
configure:6811: gcc -o conftest -g -O2   conftest.c -ltre -ltidy -ltextcat  >&5
configure:6815: $? = 0
configure:6821: ./conftest
configure:6825: $? = 0
configure:6842: result: no
configure:6857: checking for stdlib.h
configure:6864: result: yes
configure:7003: checking for GNU libc compatible malloc
configure:7037: gcc -o conftest -g -O2   conftest.c -ltre -ltidy -ltextcat  >&5
configure:7041: $? = 0
configure:7047: ./conftest
configure:7051: $? = 0
configure:7068: result: yes
configure:7101: checking for stdlib.h
configure:7108: result: yes
configure:7247: checking for GNU libc compatible realloc
configure:7281: gcc -o conftest -g -O2   conftest.c -ltre -ltidy -ltextcat  >&5
configure:7285: $? = 0
configure:7291: ./conftest
configure:7295: $? = 0
configure:7312: result: yes
configure:7340: checking whether lstat dereferences a symlink specified with a trailing slash
configure:7376: gcc -o conftest -g -O2   conftest.c -ltre -ltidy -ltextcat  >&5
configure:7380: $? = 0
configure:7386: ./conftest
configure:7390: $? = 0
configure:7414: result: yes
configure:7433: checking whether stat accepts an empty string
configure:7463: gcc -o conftest -g -O2   conftest.c -ltre -ltidy -ltextcat  >&5
configure:7467: $? = 0
configure:7473: ./conftest
configure:7477: $? = 0
configure:7494: result: no
configure:7516: checking for memset
configure:7572: gcc -o conftest -g -O2   conftest.c -ltre -ltidy -ltextcat  >&5
conftest.c:62: warning: conflicting types for built-in function 'memset'
configure:7579: $? = 0
configure:7601: result: yes
configure:7516: checking for mkdir
configure:7572: gcc -o conftest -g -O2   conftest.c -ltre -ltidy -ltextcat  >&5
configure:7579: $? = 0
configure:7601: result: yes
configure:7516: checking for strndup
configure:7572: gcc -o conftest -g -O2   conftest.c -ltre -ltidy -ltextcat  >&5
conftest.c:64: warning: conflicting types for built-in function 'strndup'
configure:7579: $? = 0
configure:7601: result: yes
configure:7775: creating ./config.status

## ---------------------- ##
## Running config.status. ##
## ---------------------- ##

This file was extended by bitextor config.status 3.1, which was
generated by GNU Autoconf 2.63.  Invocation command line was

  CONFIG_FILES    = 
  CONFIG_HEADERS  = 
  CONFIG_LINKS    = 
  CONFIG_COMMANDS = 
  $ ./config.status 

on miquel

config.status:711: creating Makefile
config.status:711: creating src/Makefile
config.status:711: creating src/bitextor_config.h
config.status:922: executing depfiles commands

## ---------------- ##
## Cache variables. ##
## ---------------- ##

ac_cv_c_compiler_gnu=yes
ac_cv_c_const=yes
ac_cv_c_int16_t=yes
ac_cv_c_int32_t=yes
ac_cv_c_int8_t=yes
ac_cv_c_uint16_t=yes
ac_cv_c_uint32_t=yes
ac_cv_c_uint8_t=yes
ac_cv_cxx_compiler_gnu=yes
ac_cv_env_BITEXTOR_CFLAGS_set=
ac_cv_env_BITEXTOR_CFLAGS_value=
ac_cv_env_BITEXTOR_LIBS_set=
ac_cv_env_BITEXTOR_LIBS_value=
ac_cv_env_CCC_set=
ac_cv_env_CCC_value=
ac_cv_env_CC_set=
ac_cv_env_CC_value=
ac_cv_env_CFLAGS_set=
ac_cv_env_CFLAGS_value=
ac_cv_env_CPPFLAGS_set=
ac_cv_env_CPPFLAGS_value=
ac_cv_env_CPP_set=
ac_cv_env_CPP_value=
ac_cv_env_CXXFLAGS_set=
ac_cv_env_CXXFLAGS_value=
ac_cv_env_CXX_set=
ac_cv_env_CXX_value=
ac_cv_env_LDFLAGS_set=
ac_cv_env_LDFLAGS_value=
ac_cv_env_LIBS_set=
ac_cv_env_LIBS_value=
ac_cv_env_PKG_CONFIG_set=
ac_cv_env_PKG_CONFIG_value=
ac_cv_env_build_alias_set=
ac_cv_env_build_alias_value=
ac_cv_env_host_alias_set=
ac_cv_env_host_alias_value=
ac_cv_env_target_alias_set=
ac_cv_env_target_alias_value=
ac_cv_func_closedir_void=no
ac_cv_func_lstat_dereferences_slashed_symlink=yes
ac_cv_func_malloc_0_nonnull=yes
ac_cv_func_memset=yes
ac_cv_func_mkdir=yes
ac_cv_func_realloc_0_nonnull=yes
ac_cv_func_stat_empty_string_bug=no
ac_cv_func_strndup=yes
ac_cv_header_ctype_h=yes
ac_cv_header_dirent_dirent_h=yes
ac_cv_header_inttypes_h=yes
ac_cv_header_memory_h=yes
ac_cv_header_stdbool_h=yes
ac_cv_header_stdc=yes
ac_cv_header_stddef_h=yes
ac_cv_header_stdint_h=yes
ac_cv_header_stdio_h=yes
ac_cv_header_stdlib_h=yes
ac_cv_header_string_h=yes
ac_cv_header_strings_h=yes
ac_cv_header_sys_stat_h=yes
ac_cv_header_sys_types_h=yes
ac_cv_header_textcat_h=yes
ac_cv_header_tidy_buffio_h=yes
ac_cv_header_tidy_plataform_h=no
ac_cv_header_tidy_tidy_h=yes
ac_cv_header_tidy_tidyenum_h=yes
ac_cv_header_time_h=yes
ac_cv_header_unistd_h=yes
ac_cv_lib_textcat_main=yes
ac_cv_lib_tidy_main=yes
ac_cv_lib_tre_main=yes
ac_cv_objext=o
ac_cv_path_EGREP='/bin/grep -E'
ac_cv_path_GREP=/bin/grep
ac_cv_path_ac_pt_PKG_CONFIG=/usr/bin/pkg-config
ac_cv_path_install='/usr/bin/install -c'
ac_cv_path_mkdir=/bin/mkdir
ac_cv_prog_AWK=gawk
ac_cv_prog_CPP='gcc -E'
ac_cv_prog_ac_ct_CC=gcc
ac_cv_prog_ac_ct_CXX=g++
ac_cv_prog_ac_ct_HTTRACK=httrack
ac_cv_prog_cc_c89=
ac_cv_prog_cc_g=yes
ac_cv_prog_cxx_g=yes
ac_cv_prog_make_make_set=yes
ac_cv_search_opendir='none required'
ac_cv_type__Bool=yes
ac_cv_type_size_t=yes
am_cv_CC_dependencies_compiler_type=gcc3
am_cv_CXX_dependencies_compiler_type=gcc3
pkg_cv_BITEXTOR_CFLAGS='-I/usr/local/include/libtagaligner-3.1 -I/usr/local/lib/libtagaligner-3.1/include -I/usr/include/libxml2  '
pkg_cv_BITEXTOR_LIBS='-L/usr/local/lib -ltagaligner3 -lenca -lm -lxml2  '

## ----------------- ##
## Output variables. ##
## ----------------- ##

ACLOCAL='${SHELL} /home/miquel/Projectes/bitextor/branches/url_filtering/missing --run aclocal-1.10'
AMDEPBACKSLASH='\'
AMDEP_FALSE='#'
AMDEP_TRUE=''
AMTAR='${SHELL} /home/miquel/Projectes/bitextor/branches/url_filtering/missing --run tar'
AUTOCONF='${SHELL} /home/miquel/Projectes/bitextor/branches/url_filtering/missing --run autoconf'
AUTOHEADER='${SHELL} /home/miquel/Projectes/bitextor/branches/url_filtering/missing --run autoheader'
AUTOMAKE='${SHELL} /home/miquel/Projectes/bitextor/branches/url_filtering/missing --run automake-1.10'
AWK='gawk'
BITEXTOR_CFLAGS='-I/usr/local/include/libtagaligner-3.1 -I/usr/local/lib/libtagaligner-3.1/include -I/usr/include/libxml2  '
BITEXTOR_LIBS='-L/usr/local/lib -ltagaligner3 -lenca -lm -lxml2  '
CC='gcc'
CCDEPMODE='depmode=gcc3'
CFLAGS='-g -O2'
CPP='gcc -E'
CPPFLAGS=''
CXX='g++'
CXXDEPMODE='depmode=gcc3'
CXXFLAGS='-g -O2'
CYGPATH_W='echo'
DEFS='-DPACKAGE_NAME=\"bitextor\" -DPACKAGE_TARNAME=\"bitextor\" -DPACKAGE_VERSION=\"3.1\" -DPACKAGE_STRING=\"bitextor\ 3.1\" -DPACKAGE_BUGREPORT=\"miquel.espla@ua.com\" -DHAVE_LIBTEXTCAT=1 -DHAVE_LIBTIDY=1 -DHAVE_LIBTRE=1 -DHAVE_DIRENT_H=1 -DSTDC_HEADERS=1 -DHAVE_SYS_TYPES_H=1 -DHAVE_SYS_STAT_H=1 -DHAVE_STDLIB_H=1 -DHAVE_STRING_H=1 -DHAVE_MEMORY_H=1 -DHAVE_STRINGS_H=1 -DHAVE_INTTYPES_H=1 -DHAVE_STDINT_H=1 -DHAVE_UNISTD_H=1 -DHAVE_STDIO_H=1 -DHAVE_STDLIB_H=1 -DHAVE_STRING_H=1 -DHAVE_STDDEF_H=1 -DHAVE_CTYPE_H=1 -DHAVE_TIME_H=1 -DHAVE_TIDY_TIDY_H=1 -DHAVE_TIDY_TIDYENUM_H=1 -DHAVE_TIDY_BUFFIO_H=1 -DHAVE_TEXTCAT_H=1 -DHAVE__BOOL=1 -DHAVE_STDBOOL_H=1 -DHAVE_STDLIB_H=1 -DHAVE_MALLOC=1 -DHAVE_STDLIB_H=1 -DHAVE_REALLOC=1 -DLSTAT_FOLLOWS_SLASHED_SYMLINK=1 -DHAVE_MEMSET=1 -DHAVE_MKDIR=1 -DHAVE_STRNDUP=1'
DEPDIR='.deps'
ECHO_C=''
ECHO_N='-n'
ECHO_T=''
EGREP='/bin/grep -E'
EXEEXT=''
GENERIC_API_VERSION='3.1'
GENERIC_LIBRARY_NAME='bitextor'
GENERIC_LIBRARY_VERSION='3:1:0'
GENERIC_RELEASE='3.1.0'
GENERIC_VERSION='3.1.0'
GREP='/bin/grep'
HTTRACK='httrack'
INSTALL_DATA='${INSTALL} -m 644'
INSTALL_PROGRAM='${INSTALL}'
INSTALL_SCRIPT='${INSTALL}'
INSTALL_STRIP_PROGRAM='$(install_sh) -c -s'
LDFLAGS=''
LIBOBJS=''
LIBS='-ltre -ltidy -ltextcat '
LTLIBOBJS=''
MAKEINFO='${SHELL} /home/miquel/Projectes/bitextor/branches/url_filtering/missing --run makeinfo'
MKDIR_P='/bin/mkdir -p'
OBJEXT='o'
PACKAGE='bitextor'
PACKAGE_BUGREPORT='miquel.espla@ua.com'
PACKAGE_NAME='bitextor'
PACKAGE_STRING='bitextor 3.1'
PACKAGE_TARNAME='bitextor'
PACKAGE_VERSION='3.1'
PATH_SEPARATOR=':'
PKG_CONFIG='/usr/bin/pkg-config'
SET_MAKE=''
SHELL='/bin/bash'
STRIP=''
VERSION='3.1.0'
ac_ct_CC='gcc'
ac_ct_CXX='g++'
am__fastdepCC_FALSE='#'
am__fastdepCC_TRUE=''
am__fastdepCXX_FALSE='#'
am__fastdepCXX_TRUE=''
am__include='include'
am__isrc=''
am__leading_dot='.'
am__quote=''
am__tar='${AMTAR} chof - "$$tardir"'
am__untar='${AMTAR} xf -'
bindir='${exec_prefix}/bin'
build_alias=''
datadir='${datarootdir}'
datarootdir='${prefix}/share'
docdir='${datarootdir}/doc/${PACKAGE_TARNAME}'
dvidir='${docdir}'
exec_prefix='${prefix}'
host_alias=''
htmldir='${docdir}'
includedir='${prefix}/include'
infodir='${datarootdir}/info'
install_sh='$(SHELL) /home/miquel/Projectes/bitextor/branches/url_filtering/install-sh'
libdir='${exec_prefix}/lib'
libexecdir='${exec_prefix}/libexec'
localedir='${datarootdir}/locale'
localstatedir='${prefix}/var'
mandir='${datarootdir}/man'
mkdir_p='/bin/mkdir -p'
oldincludedir='/usr/include'
pdfdir='${docdir}'
prefix='/usr/local'
program_transform_name='s,x,x,'
psdir='${docdir}'
sbindir='${exec_prefix}/sbin'
sharedstatedir='${prefix}/com'
sysconfdir='${prefix}/etc'
target_alias=''

## ----------- ##
## confdefs.h. ##
## ----------- ##

#define PACKAGE_NAME "bitextor"
#define PACKAGE_TARNAME "bitextor"
#define PACKAGE_VERSION "3.1"
#define PACKAGE_STRING "bitextor 3.1"
#define PACKAGE_BUGREPORT "miquel.espla@ua.com"
#define HAVE_LIBTEXTCAT 1
#define HAVE_LIBTIDY 1
#define HAVE_LIBTRE 1
#define HAVE_DIRENT_H 1
#define STDC_HEADERS 1
#define HAVE_SYS_TYPES_H 1
#define HAVE_SYS_STAT_H 1
#define HAVE_STDLIB_H 1
#define HAVE_STRING_H 1
#define HAVE_MEMORY_H 1
#define HAVE_STRINGS_H 1
#define HAVE_INTTYPES_H 1
#define HAVE_STDINT_H 1
#define HAVE_UNISTD_H 1
#define HAVE_STDIO_H 1
#define HAVE_STDLIB_H 1
#define HAVE_STRING_H 1
#define HAVE_STDDEF_H 1
#define HAVE_CTYPE_H 1
#define HAVE_TIME_H 1
#define HAVE_TIDY_TIDY_H 1
#define HAVE_TIDY_TIDYENUM_H 1
#define HAVE_TIDY_BUFFIO_H 1
#define HAVE_TEXTCAT_H 1
#define HAVE__BOOL 1
#define HAVE_STDBOOL_H 1
#define HAVE_STDLIB_H 1
#define HAVE_MALLOC 1
#define HAVE_STDLIB_H 1
#define HAVE_REALLOC 1
#define LSTAT_FOLLOWS_SLASHED_SYMLINK 1
#define HAVE_MEMSET 1
#define HAVE_MKDIR 1
#define HAVE_STRNDUP 1

configure: exit 0
