This file contains any messages produced by compilers while
running configure, to aid debugging if configure makes a mistake.

It was created by bitextor configure 3.0, which was
generated by GNU Autoconf 2.61.  Invocation command line was

  $ ./configure 

## --------- ##
## Platform. ##
## --------- ##

hostname = elcampello
uname -m = i686
uname -r = 2.6.27-11-generic
uname -s = Linux
uname -v = #1 SMP Thu Jan 29 19:24:39 UTC 2009

/usr/bin/uname -p = unknown
/bin/uname -X     = unknown

/bin/arch              = unknown
/usr/bin/arch -k       = unknown
/usr/convex/getsysinfo = unknown
/usr/bin/hostinfo      = unknown
/bin/machine           = unknown
/usr/bin/oslevel       = unknown
/bin/universe          = unknown

PATH: /usr/local/sbin
PATH: /usr/local/bin
PATH: /usr/sbin
PATH: /usr/bin
PATH: /sbin
PATH: /bin
PATH: /usr/games


## ----------- ##
## Core tests. ##
## ----------- ##

configure:1843: checking for a BSD-compatible install
configure:1899: result: /usr/bin/install -c
configure:1910: checking whether build environment is sane
configure:1953: result: yes
configure:1981: checking for a thread-safe mkdir -p
configure:2020: result: /bin/mkdir -p
configure:2033: checking for gawk
configure:2063: result: no
configure:2033: checking for mawk
configure:2049: found /usr/bin/mawk
configure:2060: result: mawk
configure:2071: checking whether make sets $(MAKE)
configure:2092: result: yes
configure:2331: checking for g++
configure:2347: found /usr/bin/g++
configure:2358: result: g++
configure:2389: checking for C++ compiler version
configure:2396: g++ --version >&5
g++ (Ubuntu 4.3.2-1ubuntu12) 4.3.2
Copyright (C) 2008 Free Software Foundation, Inc.
This is free software; see the source for copying conditions.  There is NO
warranty; not even for MERCHANTABILITY or FITNESS FOR A PARTICULAR PURPOSE.

configure:2399: $? = 0
configure:2406: g++ -v >&5
Using built-in specs.
Target: i486-linux-gnu
Configured with: ../src/configure -v --with-pkgversion='Ubuntu 4.3.2-1ubuntu12' --with-bugurl=file:///usr/share/doc/gcc-4.3/README.Bugs --enable-languages=c,c++,fortran,objc,obj-c++ --prefix=/usr --enable-shared --with-system-zlib --libexecdir=/usr/lib --without-included-gettext --enable-threads=posix --enable-nls --with-gxx-include-dir=/usr/include/c++/4.3 --program-suffix=-4.3 --enable-clocale=gnu --enable-libstdcxx-debug --enable-objc-gc --enable-mpfr --enable-targets=all --enable-checking=release --build=i486-linux-gnu --host=i486-linux-gnu --target=i486-linux-gnu
Thread model: posix
gcc version 4.3.2 (Ubuntu 4.3.2-1ubuntu12) 
configure:2409: $? = 0
configure:2416: g++ -V >&5
g++: '-V' option must have argument
configure:2419: $? = 1
configure:2442: checking for C++ compiler default output file name
configure:2469: g++    conftest.cpp  >&5
configure:2472: $? = 0
configure:2510: result: a.out
configure:2527: checking whether the C++ compiler works
configure:2537: ./a.out
configure:2540: $? = 0
configure:2557: result: yes
configure:2564: checking whether we are cross compiling
configure:2566: result: no
configure:2569: checking for suffix of executables
configure:2576: g++ -o conftest    conftest.cpp  >&5
configure:2579: $? = 0
configure:2603: result: 
configure:2609: checking for suffix of object files
configure:2635: g++ -c   conftest.cpp >&5
configure:2638: $? = 0
configure:2661: result: o
configure:2665: checking whether we are using the GNU C++ compiler
configure:2694: g++ -c   conftest.cpp >&5
configure:2700: $? = 0
configure:2717: result: yes
configure:2722: checking whether g++ accepts -g
configure:2752: g++ -c -g  conftest.cpp >&5
configure:2758: $? = 0
configure:2857: result: yes
configure:2891: checking for style of include used by make
configure:2919: result: GNU
configure:2944: checking dependency style of g++
configure:3035: result: gcc3
configure:3098: checking for gcc
configure:3114: found /usr/bin/gcc
configure:3125: result: gcc
configure:3363: checking for C compiler version
configure:3370: gcc --version >&5
gcc (Ubuntu 4.3.2-1ubuntu12) 4.3.2
Copyright (C) 2008 Free Software Foundation, Inc.
This is free software; see the source for copying conditions.  There is NO
warranty; not even for MERCHANTABILITY or FITNESS FOR A PARTICULAR PURPOSE.

configure:3373: $? = 0
configure:3380: gcc -v >&5
Using built-in specs.
Target: i486-linux-gnu
Configured with: ../src/configure -v --with-pkgversion='Ubuntu 4.3.2-1ubuntu12' --with-bugurl=file:///usr/share/doc/gcc-4.3/README.Bugs --enable-languages=c,c++,fortran,objc,obj-c++ --prefix=/usr --enable-shared --with-system-zlib --libexecdir=/usr/lib --without-included-gettext --enable-threads=posix --enable-nls --with-gxx-include-dir=/usr/include/c++/4.3 --program-suffix=-4.3 --enable-clocale=gnu --enable-libstdcxx-debug --enable-objc-gc --enable-mpfr --enable-targets=all --enable-checking=release --build=i486-linux-gnu --host=i486-linux-gnu --target=i486-linux-gnu
Thread model: posix
gcc version 4.3.2 (Ubuntu 4.3.2-1ubuntu12) 
configure:3383: $? = 0
configure:3390: gcc -V >&5
gcc: '-V' option must have argument
configure:3393: $? = 1
configure:3396: checking whether we are using the GNU C compiler
configure:3425: gcc -c   conftest.c >&5
configure:3431: $? = 0
configure:3448: result: yes
configure:3453: checking whether gcc accepts -g
configure:3483: gcc -c -g  conftest.c >&5
configure:3489: $? = 0
configure:3588: result: yes
configure:3605: checking for gcc option to accept ISO C89
configure:3679: gcc  -c -g -O2  conftest.c >&5
configure:3685: $? = 0
configure:3708: result: none needed
configure:3728: checking dependency style of gcc
configure:3819: result: gcc3
configure:3877: checking for httrack
configure:3893: found /usr/local/bin/httrack
configure:3904: result: httrack
configure:4000: checking for pkg-config
configure:4018: found /usr/bin/pkg-config
configure:4030: result: /usr/bin/pkg-config
configure:4059: checking pkg-config is at least version 0.9.0
configure:4062: result: yes
configure:4073: checking for BITEXTOR
configure:4081: $PKG_CONFIG --exists --print-errors "                  libtagaligner-3.0 >= 3.0.0                   enca >= 1.9                   libxml-2.0 >= 2.6.17"
configure:4084: $? = 0
configure:4099: $PKG_CONFIG --exists --print-errors "                  libtagaligner-3.0 >= 3.0.0                   enca >= 1.9                   libxml-2.0 >= 2.6.17"
configure:4102: $? = 0
configure:4178: result: yes
configure:4187: checking for main in -ltextcat
configure:4216: gcc -o conftest -g -O2   conftest.c -ltextcat   >&5
configure:4222: $? = 0
configure:4240: result: yes
configure:4272: checking for main in -ltidy
configure:4301: gcc -o conftest -g -O2   conftest.c -ltidy  -ltextcat  >&5
configure:4307: $? = 0
configure:4325: result: yes
configure:4356: checking for main in -ltre
configure:4385: gcc -o conftest -g -O2   conftest.c -ltre  -ltidy -ltextcat  >&5
configure:4391: $? = 0
configure:4409: result: yes
configure:4449: checking for dirent.h that defines DIR
configure:4478: gcc -c -g -O2  conftest.c >&5
configure:4484: $? = 0
configure:4500: result: yes
configure:4513: checking for library containing opendir
configure:4554: gcc -o conftest -g -O2   conftest.c -ltre -ltidy -ltextcat  >&5
configure:4560: $? = 0
configure:4588: result: none required
configure:4687: checking how to run the C preprocessor
configure:4727: gcc -E  conftest.c
configure:4733: $? = 0
configure:4764: gcc -E  conftest.c
conftest.c:12:28: error: ac_nonexistent.h: No such file or directory
configure:4770: $? = 1
configure: failed program was:
| /* confdefs.h.  */
| #define PACKAGE_NAME "bitextor"
| #define PACKAGE_TARNAME "bitextor"
| #define PACKAGE_VERSION "3.0"
| #define PACKAGE_STRING "bitextor 3.0"
| #define PACKAGE_BUGREPORT "miquelespla@gmail.com"
| #define HAVE_LIBTEXTCAT 1
| #define HAVE_LIBTIDY 1
| #define HAVE_LIBTRE 1
| #define HAVE_DIRENT_H 1
| /* end confdefs.h.  */
| #include <ac_nonexistent.h>
configure:4803: result: gcc -E
configure:4832: gcc -E  conftest.c
configure:4838: $? = 0
configure:4869: gcc -E  conftest.c
conftest.c:12:28: error: ac_nonexistent.h: No such file or directory
configure:4875: $? = 1
configure: failed program was:
| /* confdefs.h.  */
| #define PACKAGE_NAME "bitextor"
| #define PACKAGE_TARNAME "bitextor"
| #define PACKAGE_VERSION "3.0"
| #define PACKAGE_STRING "bitextor 3.0"
| #define PACKAGE_BUGREPORT "miquelespla@gmail.com"
| #define HAVE_LIBTEXTCAT 1
| #define HAVE_LIBTIDY 1
| #define HAVE_LIBTRE 1
| #define HAVE_DIRENT_H 1
| /* end confdefs.h.  */
| #include <ac_nonexistent.h>
configure:4913: checking for grep that handles long lines and -e
configure:4987: result: /bin/grep
configure:4992: checking for egrep
configure:5070: result: /bin/grep -E
configure:5075: checking for ANSI C header files
configure:5105: gcc -c -g -O2  conftest.c >&5
configure:5111: $? = 0
configure:5210: gcc -o conftest -g -O2   conftest.c -ltre -ltidy -ltextcat  >&5
configure:5213: $? = 0
configure:5219: ./conftest
configure:5222: $? = 0
configure:5239: result: yes
configure:5263: checking for sys/types.h
configure:5284: gcc -c -g -O2  conftest.c >&5
configure:5290: $? = 0
configure:5306: result: yes
configure:5263: checking for sys/stat.h
configure:5284: gcc -c -g -O2  conftest.c >&5
configure:5290: $? = 0
configure:5306: result: yes
configure:5263: checking for stdlib.h
configure:5284: gcc -c -g -O2  conftest.c >&5
configure:5290: $? = 0
configure:5306: result: yes
configure:5263: checking for string.h
configure:5284: gcc -c -g -O2  conftest.c >&5
configure:5290: $? = 0
configure:5306: result: yes
configure:5263: checking for memory.h
configure:5284: gcc -c -g -O2  conftest.c >&5
configure:5290: $? = 0
configure:5306: result: yes
configure:5263: checking for strings.h
configure:5284: gcc -c -g -O2  conftest.c >&5
configure:5290: $? = 0
configure:5306: result: yes
configure:5263: checking for inttypes.h
configure:5284: gcc -c -g -O2  conftest.c >&5
configure:5290: $? = 0
configure:5306: result: yes
configure:5263: checking for stdint.h
configure:5284: gcc -c -g -O2  conftest.c >&5
configure:5290: $? = 0
configure:5306: result: yes
configure:5263: checking for unistd.h
configure:5284: gcc -c -g -O2  conftest.c >&5
configure:5290: $? = 0
configure:5306: result: yes
configure:5338: checking stdio.h usability
configure:5355: gcc -c -g -O2  conftest.c >&5
configure:5361: $? = 0
configure:5375: result: yes
configure:5379: checking stdio.h presence
configure:5394: gcc -E  conftest.c
configure:5400: $? = 0
configure:5414: result: yes
configure:5447: checking for stdio.h
configure:5455: result: yes
configure:5328: checking for stdlib.h
configure:5334: result: yes
configure:5328: checking for string.h
configure:5334: result: yes
configure:5338: checking stddef.h usability
configure:5355: gcc -c -g -O2  conftest.c >&5
configure:5361: $? = 0
configure:5375: result: yes
configure:5379: checking stddef.h presence
configure:5394: gcc -E  conftest.c
configure:5400: $? = 0
configure:5414: result: yes
configure:5447: checking for stddef.h
configure:5455: result: yes
configure:5338: checking ctype.h usability
configure:5355: gcc -c -g -O2  conftest.c >&5
configure:5361: $? = 0
configure:5375: result: yes
configure:5379: checking ctype.h presence
configure:5394: gcc -E  conftest.c
configure:5400: $? = 0
configure:5414: result: yes
configure:5447: checking for ctype.h
configure:5455: result: yes
configure:5338: checking time.h usability
configure:5355: gcc -c -g -O2  conftest.c >&5
configure:5361: $? = 0
configure:5375: result: yes
configure:5379: checking time.h presence
configure:5394: gcc -E  conftest.c
configure:5400: $? = 0
configure:5414: result: yes
configure:5447: checking for time.h
configure:5455: result: yes
configure:5488: checking tidy/tidy.h usability
configure:5505: gcc -c -g -O2  conftest.c >&5
configure:5511: $? = 0
configure:5525: result: yes
configure:5529: checking tidy/tidy.h presence
configure:5544: gcc -E  conftest.c
configure:5550: $? = 0
configure:5564: result: yes
configure:5597: checking for tidy/tidy.h
configure:5605: result: yes
configure:5488: checking tidy/tidyenum.h usability
configure:5505: gcc -c -g -O2  conftest.c >&5
configure:5511: $? = 0
configure:5525: result: yes
configure:5529: checking tidy/tidyenum.h presence
configure:5544: gcc -E  conftest.c
configure:5550: $? = 0
configure:5564: result: yes
configure:5597: checking for tidy/tidyenum.h
configure:5605: result: yes
configure:5488: checking tidy/buffio.h usability
configure:5505: gcc -c -g -O2  conftest.c >&5
configure:5511: $? = 0
configure:5525: result: yes
configure:5529: checking tidy/buffio.h presence
configure:5544: gcc -E  conftest.c
configure:5550: $? = 0
configure:5564: result: yes
configure:5597: checking for tidy/buffio.h
configure:5605: result: yes
configure:5488: checking tidy/plataform.h usability
configure:5505: gcc -c -g -O2  conftest.c >&5
conftest.c:64:28: error: tidy/plataform.h: No such file or directory
configure:5511: $? = 1
configure: failed program was:
| /* confdefs.h.  */
| #define PACKAGE_NAME "bitextor"
| #define PACKAGE_TARNAME "bitextor"
| #define PACKAGE_VERSION "3.0"
| #define PACKAGE_STRING "bitextor 3.0"
| #define PACKAGE_BUGREPORT "miquelespla@gmail.com"
| #define HAVE_LIBTEXTCAT 1
| #define HAVE_LIBTIDY 1
| #define HAVE_LIBTRE 1
| #define HAVE_DIRENT_H 1
| #define STDC_HEADERS 1
| #define HAVE_SYS_TYPES_H 1
| #define HAVE_SYS_STAT_H 1
| #define HAVE_STDLIB_H 1
| #define HAVE_STRING_H 1
| #define HAVE_MEMORY_H 1
| #define HAVE_STRINGS_H 1
| #define HAVE_INTTYPES_H 1
| #define HAVE_STDINT_H 1
| #define HAVE_UNISTD_H 1
| #define HAVE_STDIO_H 1
| #define HAVE_STDLIB_H 1
| #define HAVE_STRING_H 1
| #define HAVE_STDDEF_H 1
| #define HAVE_CTYPE_H 1
| #define HAVE_TIME_H 1
| #define HAVE_TIDY_TIDY_H 1
| #define HAVE_TIDY_TIDYENUM_H 1
| #define HAVE_TIDY_BUFFIO_H 1
| /* end confdefs.h.  */
| #include <stdio.h>
| #ifdef HAVE_SYS_TYPES_H
| # include <sys/types.h>
| #endif
| #ifdef HAVE_SYS_STAT_H
| # include <sys/stat.h>
| #endif
| #ifdef STDC_HEADERS
| # include <stdlib.h>
| # include <stddef.h>
| #else
| # ifdef HAVE_STDLIB_H
| #  include <stdlib.h>
| # endif
| #endif
| #ifdef HAVE_STRING_H
| # if !defined STDC_HEADERS && defined HAVE_MEMORY_H
| #  include <memory.h>
| # endif
| # include <string.h>
| #endif
| #ifdef HAVE_STRINGS_H
| # include <strings.h>
| #endif
| #ifdef HAVE_INTTYPES_H
| # include <inttypes.h>
| #endif
| #ifdef HAVE_STDINT_H
| # include <stdint.h>
| #endif
| #ifdef HAVE_UNISTD_H
| # include <unistd.h>
| #endif
| #include <tidy/plataform.h>
configure:5525: result: no
configure:5529: checking tidy/plataform.h presence
configure:5544: gcc -E  conftest.c
conftest.c:31:28: error: tidy/plataform.h: No such file or directory
configure:5550: $? = 1
configure: failed program was:
| /* confdefs.h.  */
| #define PACKAGE_NAME "bitextor"
| #define PACKAGE_TARNAME "bitextor"
| #define PACKAGE_VERSION "3.0"
| #define PACKAGE_STRING "bitextor 3.0"
| #define PACKAGE_BUGREPORT "miquelespla@gmail.com"
| #define HAVE_LIBTEXTCAT 1
| #define HAVE_LIBTIDY 1
| #define HAVE_LIBTRE 1
| #define HAVE_DIRENT_H 1
| #define STDC_HEADERS 1
| #define HAVE_SYS_TYPES_H 1
| #define HAVE_SYS_STAT_H 1
| #define HAVE_STDLIB_H 1
| #define HAVE_STRING_H 1
| #define HAVE_MEMORY_H 1
| #define HAVE_STRINGS_H 1
| #define HAVE_INTTYPES_H 1
| #define HAVE_STDINT_H 1
| #define HAVE_UNISTD_H 1
| #define HAVE_STDIO_H 1
| #define HAVE_STDLIB_H 1
| #define HAVE_STRING_H 1
| #define HAVE_STDDEF_H 1
| #define HAVE_CTYPE_H 1
| #define HAVE_TIME_H 1
| #define HAVE_TIDY_TIDY_H 1
| #define HAVE_TIDY_TIDYENUM_H 1
| #define HAVE_TIDY_BUFFIO_H 1
| /* end confdefs.h.  */
| #include <tidy/plataform.h>
configure:5564: result: no
configure:5597: checking for tidy/plataform.h
configure:5605: result: no
configure:5488: checking textcat.h usability
configure:5505: gcc -c -g -O2  conftest.c >&5
configure:5511: $? = 0
configure:5525: result: yes
configure:5529: checking textcat.h presence
configure:5544: gcc -E  conftest.c
configure:5550: $? = 0
configure:5564: result: yes
configure:5597: checking for textcat.h
configure:5605: result: yes
configure:5621: checking for stdbool.h that conforms to C99
configure:5714: gcc -c -g -O2  conftest.c >&5
configure:5720: $? = 0
configure:5735: result: yes
configure:5737: checking for _Bool
configure:5767: gcc -c -g -O2  conftest.c >&5
configure:5773: $? = 0
configure:5788: result: yes
configure:5807: checking for an ANSI C-conforming const
configure:5882: gcc -c -g -O2  conftest.c >&5
configure:5888: $? = 0
configure:5903: result: yes
configure:5914: checking for int16_t
configure:5945: gcc -c -g -O2  conftest.c >&5
configure:5951: $? = 0
configure:5980: gcc -c -g -O2  conftest.c >&5
conftest.c: In function 'main':
conftest.c:71: error: size of array 'test_array' is negative
configure:5986: $? = 1
configure: failed program was:
| /* confdefs.h.  */
| #define PACKAGE_NAME "bitextor"
| #define PACKAGE_TARNAME "bitextor"
| #define PACKAGE_VERSION "3.0"
| #define PACKAGE_STRING "bitextor 3.0"
| #define PACKAGE_BUGREPORT "miquelespla@gmail.com"
| #define HAVE_LIBTEXTCAT 1
| #define HAVE_LIBTIDY 1
| #define HAVE_LIBTRE 1
| #define HAVE_DIRENT_H 1
| #define STDC_HEADERS 1
| #define HAVE_SYS_TYPES_H 1
| #define HAVE_SYS_STAT_H 1
| #define HAVE_STDLIB_H 1
| #define HAVE_STRING_H 1
| #define HAVE_MEMORY_H 1
| #define HAVE_STRINGS_H 1
| #define HAVE_INTTYPES_H 1
| #define HAVE_STDINT_H 1
| #define HAVE_UNISTD_H 1
| #define HAVE_STDIO_H 1
| #define HAVE_STDLIB_H 1
| #define HAVE_STRING_H 1
| #define HAVE_STDDEF_H 1
| #define HAVE_CTYPE_H 1
| #define HAVE_TIME_H 1
| #define HAVE_TIDY_TIDY_H 1
| #define HAVE_TIDY_TIDYENUM_H 1
| #define HAVE_TIDY_BUFFIO_H 1
| #define HAVE_TEXTCAT_H 1
| #define HAVE__BOOL 1
| #define HAVE_STDBOOL_H 1
| /* end confdefs.h.  */
| #include <stdio.h>
| #ifdef HAVE_SYS_TYPES_H
| # include <sys/types.h>
| #endif
| #ifdef HAVE_SYS_STAT_H
| # include <sys/stat.h>
| #endif
| #ifdef STDC_HEADERS
| # include <stdlib.h>
| # include <stddef.h>
| #else
| # ifdef HAVE_STDLIB_H
| #  include <stdlib.h>
| # endif
| #endif
| #ifdef HAVE_STRING_H
| # if !defined STDC_HEADERS && defined HAVE_MEMORY_H
| #  include <memory.h>
| # endif
| # include <string.h>
| #endif
| #ifdef HAVE_STRINGS_H
| # include <strings.h>
| #endif
| #ifdef HAVE_INTTYPES_H
| # include <inttypes.h>
| #endif
| #ifdef HAVE_STDINT_H
| # include <stdint.h>
| #endif
| #ifdef HAVE_UNISTD_H
| # include <unistd.h>
| #endif
| int
| main ()
| {
| static int test_array [1 - 2 * !((int16_t) ((((int16_t) 1 << (16 - 2)) - 1) * 2 + 1)
| 	         < (int16_t) ((((int16_t) 1 << (16 - 2)) - 1) * 2 + 2))];
| test_array [0] = 0
| 
|   ;
|   return 0;
| }
configure:6015: result: yes
configure:6028: checking for int32_t
configure:6059: gcc -c -g -O2  conftest.c >&5
configure:6065: $? = 0
configure:6094: gcc -c -g -O2  conftest.c >&5
conftest.c: In function 'main':
conftest.c:71: warning: integer overflow in expression
conftest.c:71: error: size of array 'test_array' is negative
configure:6100: $? = 1
configure: failed program was:
| /* confdefs.h.  */
| #define PACKAGE_NAME "bitextor"
| #define PACKAGE_TARNAME "bitextor"
| #define PACKAGE_VERSION "3.0"
| #define PACKAGE_STRING "bitextor 3.0"
| #define PACKAGE_BUGREPORT "miquelespla@gmail.com"
| #define HAVE_LIBTEXTCAT 1
| #define HAVE_LIBTIDY 1
| #define HAVE_LIBTRE 1
| #define HAVE_DIRENT_H 1
| #define STDC_HEADERS 1
| #define HAVE_SYS_TYPES_H 1
| #define HAVE_SYS_STAT_H 1
| #define HAVE_STDLIB_H 1
| #define HAVE_STRING_H 1
| #define HAVE_MEMORY_H 1
| #define HAVE_STRINGS_H 1
| #define HAVE_INTTYPES_H 1
| #define HAVE_STDINT_H 1
| #define HAVE_UNISTD_H 1
| #define HAVE_STDIO_H 1
| #define HAVE_STDLIB_H 1
| #define HAVE_STRING_H 1
| #define HAVE_STDDEF_H 1
| #define HAVE_CTYPE_H 1
| #define HAVE_TIME_H 1
| #define HAVE_TIDY_TIDY_H 1
| #define HAVE_TIDY_TIDYENUM_H 1
| #define HAVE_TIDY_BUFFIO_H 1
| #define HAVE_TEXTCAT_H 1
| #define HAVE__BOOL 1
| #define HAVE_STDBOOL_H 1
| /* end confdefs.h.  */
| #include <stdio.h>
| #ifdef HAVE_SYS_TYPES_H
| # include <sys/types.h>
| #endif
| #ifdef HAVE_SYS_STAT_H
| # include <sys/stat.h>
| #endif
| #ifdef STDC_HEADERS
| # include <stdlib.h>
| # include <stddef.h>
| #else
| # ifdef HAVE_STDLIB_H
| #  include <stdlib.h>
| # endif
| #endif
| #ifdef HAVE_STRING_H
| # if !defined STDC_HEADERS && defined HAVE_MEMORY_H
| #  include <memory.h>
| # endif
| # include <string.h>
| #endif
| #ifdef HAVE_STRINGS_H
| # include <strings.h>
| #endif
| #ifdef HAVE_INTTYPES_H
| # include <inttypes.h>
| #endif
| #ifdef HAVE_STDINT_H
| # include <stdint.h>
| #endif
| #ifdef HAVE_UNISTD_H
| # include <unistd.h>
| #endif
| int
| main ()
| {
| static int test_array [1 - 2 * !((int32_t) ((((int32_t) 1 << (32 - 2)) - 1) * 2 + 1)
| 	         < (int32_t) ((((int32_t) 1 << (32 - 2)) - 1) * 2 + 2))];
| test_array [0] = 0
| 
|   ;
|   return 0;
| }
configure:6129: result: yes
configure:6142: checking for int8_t
configure:6173: gcc -c -g -O2  conftest.c >&5
configure:6179: $? = 0
configure:6208: gcc -c -g -O2  conftest.c >&5
conftest.c: In function 'main':
conftest.c:71: error: size of array 'test_array' is negative
configure:6214: $? = 1
configure: failed program was:
| /* confdefs.h.  */
| #define PACKAGE_NAME "bitextor"
| #define PACKAGE_TARNAME "bitextor"
| #define PACKAGE_VERSION "3.0"
| #define PACKAGE_STRING "bitextor 3.0"
| #define PACKAGE_BUGREPORT "miquelespla@gmail.com"
| #define HAVE_LIBTEXTCAT 1
| #define HAVE_LIBTIDY 1
| #define HAVE_LIBTRE 1
| #define HAVE_DIRENT_H 1
| #define STDC_HEADERS 1
| #define HAVE_SYS_TYPES_H 1
| #define HAVE_SYS_STAT_H 1
| #define HAVE_STDLIB_H 1
| #define HAVE_STRING_H 1
| #define HAVE_MEMORY_H 1
| #define HAVE_STRINGS_H 1
| #define HAVE_INTTYPES_H 1
| #define HAVE_STDINT_H 1
| #define HAVE_UNISTD_H 1
| #define HAVE_STDIO_H 1
| #define HAVE_STDLIB_H 1
| #define HAVE_STRING_H 1
| #define HAVE_STDDEF_H 1
| #define HAVE_CTYPE_H 1
| #define HAVE_TIME_H 1
| #define HAVE_TIDY_TIDY_H 1
| #define HAVE_TIDY_TIDYENUM_H 1
| #define HAVE_TIDY_BUFFIO_H 1
| #define HAVE_TEXTCAT_H 1
| #define HAVE__BOOL 1
| #define HAVE_STDBOOL_H 1
| /* end confdefs.h.  */
| #include <stdio.h>
| #ifdef HAVE_SYS_TYPES_H
| # include <sys/types.h>
| #endif
| #ifdef HAVE_SYS_STAT_H
| # include <sys/stat.h>
| #endif
| #ifdef STDC_HEADERS
| # include <stdlib.h>
| # include <stddef.h>
| #else
| # ifdef HAVE_STDLIB_H
| #  include <stdlib.h>
| # endif
| #endif
| #ifdef HAVE_STRING_H
| # if !defined STDC_HEADERS && defined HAVE_MEMORY_H
| #  include <memory.h>
| # endif
| # include <string.h>
| #endif
| #ifdef HAVE_STRINGS_H
| # include <strings.h>
| #endif
| #ifdef HAVE_INTTYPES_H
| # include <inttypes.h>
| #endif
| #ifdef HAVE_STDINT_H
| # include <stdint.h>
| #endif
| #ifdef HAVE_UNISTD_H
| # include <unistd.h>
| #endif
| int
| main ()
| {
| static int test_array [1 - 2 * !((int8_t) ((((int8_t) 1 << (8 - 2)) - 1) * 2 + 1)
| 	         < (int8_t) ((((int8_t) 1 << (8 - 2)) - 1) * 2 + 2))];
| test_array [0] = 0
| 
|   ;
|   return 0;
| }
configure:6243: result: yes
configure:6255: checking for size_t
configure:6285: gcc -c -g -O2  conftest.c >&5
configure:6291: $? = 0
configure:6306: result: yes
configure:6319: checking for uint16_t
configure:6350: gcc -c -g -O2  conftest.c >&5
configure:6356: $? = 0
configure:6377: result: yes
configure:6391: checking for uint32_t
configure:6422: gcc -c -g -O2  conftest.c >&5
configure:6428: $? = 0
configure:6449: result: yes
configure:6467: checking for uint8_t
configure:6498: gcc -c -g -O2  conftest.c >&5
configure:6504: $? = 0
configure:6525: result: yes
configure:6544: checking whether closedir returns void
configure:6578: gcc -o conftest -g -O2   conftest.c -ltre -ltidy -ltextcat  >&5
configure:6581: $? = 0
configure:6587: ./conftest
configure:6590: $? = 0
configure:6606: result: no
configure:6621: checking for stdlib.h
configure:6627: result: yes
configure:6761: checking for GNU libc compatible malloc
configure:6795: gcc -o conftest -g -O2   conftest.c -ltre -ltidy -ltextcat  >&5
configure:6798: $? = 0
configure:6804: ./conftest
configure:6807: $? = 0
configure:6823: result: yes
configure:6856: checking for stdlib.h
configure:6862: result: yes
configure:6996: checking for GNU libc compatible realloc
configure:7030: gcc -o conftest -g -O2   conftest.c -ltre -ltidy -ltextcat  >&5
configure:7033: $? = 0
configure:7039: ./conftest
configure:7042: $? = 0
configure:7058: result: yes
configure:7086: checking whether lstat dereferences a symlink specified with a trailing slash
configure:7122: gcc -o conftest -g -O2   conftest.c -ltre -ltidy -ltextcat  >&5
configure:7125: $? = 0
configure:7131: ./conftest
configure:7134: $? = 0
configure:7157: result: yes
configure:7176: checking whether stat accepts an empty string
configure:7206: gcc -o conftest -g -O2   conftest.c -ltre -ltidy -ltextcat  >&5
configure:7209: $? = 0
configure:7215: ./conftest
configure:7218: $? = 0
configure:7234: result: no
configure:7256: checking for memset
configure:7312: gcc -o conftest -g -O2   conftest.c -ltre -ltidy -ltextcat  >&5
conftest.c:62: warning: conflicting types for built-in function 'memset'
configure:7318: $? = 0
configure:7336: result: yes
configure:7256: checking for mkdir
configure:7312: gcc -o conftest -g -O2   conftest.c -ltre -ltidy -ltextcat  >&5
configure:7318: $? = 0
configure:7336: result: yes
configure:7256: checking for strndup
configure:7312: gcc -o conftest -g -O2   conftest.c -ltre -ltidy -ltextcat  >&5
conftest.c:64: warning: conflicting types for built-in function 'strndup'
configure:7318: $? = 0
configure:7336: result: yes
configure:7470: creating ./config.status

## ---------------------- ##
## Running config.status. ##
## ---------------------- ##

This file was extended by bitextor config.status 3.0, which was
generated by GNU Autoconf 2.61.  Invocation command line was

  CONFIG_FILES    = 
  CONFIG_HEADERS  = 
  CONFIG_LINKS    = 
  CONFIG_COMMANDS = 
  $ ./config.status 

on elcampello

config.status:651: creating Makefile
config.status:651: creating src/Makefile
config.status:651: creating config.h
config.status:946: executing depfiles commands

## ---------------- ##
## Cache variables. ##
## ---------------- ##

ac_cv_c_compiler_gnu=yes
ac_cv_c_const=yes
ac_cv_c_int16_t=yes
ac_cv_c_int32_t=yes
ac_cv_c_int8_t=yes
ac_cv_c_uint16_t=yes
ac_cv_c_uint32_t=yes
ac_cv_c_uint8_t=yes
ac_cv_cxx_compiler_gnu=yes
ac_cv_env_BITEXTOR_CFLAGS_set=
ac_cv_env_BITEXTOR_CFLAGS_value=
ac_cv_env_BITEXTOR_LIBS_set=
ac_cv_env_BITEXTOR_LIBS_value=
ac_cv_env_CCC_set=
ac_cv_env_CCC_value=
ac_cv_env_CC_set=
ac_cv_env_CC_value=
ac_cv_env_CFLAGS_set=
ac_cv_env_CFLAGS_value=
ac_cv_env_CPPFLAGS_set=
ac_cv_env_CPPFLAGS_value=
ac_cv_env_CPP_set=
ac_cv_env_CPP_value=
ac_cv_env_CXXFLAGS_set=
ac_cv_env_CXXFLAGS_value=
ac_cv_env_CXX_set=
ac_cv_env_CXX_value=
ac_cv_env_LDFLAGS_set=
ac_cv_env_LDFLAGS_value=
ac_cv_env_LIBS_set=
ac_cv_env_LIBS_value=
ac_cv_env_PKG_CONFIG_set=
ac_cv_env_PKG_CONFIG_value=
ac_cv_env_build_alias_set=
ac_cv_env_build_alias_value=
ac_cv_env_host_alias_set=
ac_cv_env_host_alias_value=
ac_cv_env_target_alias_set=
ac_cv_env_target_alias_value=
ac_cv_func_closedir_void=no
ac_cv_func_lstat_dereferences_slashed_symlink=yes
ac_cv_func_malloc_0_nonnull=yes
ac_cv_func_memset=yes
ac_cv_func_mkdir=yes
ac_cv_func_realloc_0_nonnull=yes
ac_cv_func_stat_empty_string_bug=no
ac_cv_func_strndup=yes
ac_cv_header_ctype_h=yes
ac_cv_header_dirent_dirent_h=yes
ac_cv_header_inttypes_h=yes
ac_cv_header_memory_h=yes
ac_cv_header_stdbool_h=yes
ac_cv_header_stdc=yes
ac_cv_header_stddef_h=yes
ac_cv_header_stdint_h=yes
ac_cv_header_stdio_h=yes
ac_cv_header_stdlib_h=yes
ac_cv_header_string_h=yes
ac_cv_header_strings_h=yes
ac_cv_header_sys_stat_h=yes
ac_cv_header_sys_types_h=yes
ac_cv_header_textcat_h=yes
ac_cv_header_tidy_buffio_h=yes
ac_cv_header_tidy_plataform_h=no
ac_cv_header_tidy_tidy_h=yes
ac_cv_header_tidy_tidyenum_h=yes
ac_cv_header_time_h=yes
ac_cv_header_unistd_h=yes
ac_cv_lib_textcat_main=yes
ac_cv_lib_tidy_main=yes
ac_cv_lib_tre_main=yes
ac_cv_objext=o
ac_cv_path_EGREP='/bin/grep -E'
ac_cv_path_GREP=/bin/grep
ac_cv_path_ac_pt_PKG_CONFIG=/usr/bin/pkg-config
ac_cv_path_install='/usr/bin/install -c'
ac_cv_path_mkdir=/bin/mkdir
ac_cv_prog_AWK=mawk
ac_cv_prog_CPP='gcc -E'
ac_cv_prog_ac_ct_CC=gcc
ac_cv_prog_ac_ct_CXX=g++
ac_cv_prog_ac_ct_HTTRACK=httrack
ac_cv_prog_cc_c89=
ac_cv_prog_cc_g=yes
ac_cv_prog_cxx_g=yes
ac_cv_prog_make_make_set=yes
ac_cv_search_opendir='none required'
ac_cv_type__Bool=yes
ac_cv_type_size_t=yes
am_cv_CC_dependencies_compiler_type=gcc3
am_cv_CXX_dependencies_compiler_type=gcc3
pkg_cv_BITEXTOR_CFLAGS='-I/usr/local/include/libtagaligner-3.0 -I/usr/local/lib/libtagaligner-3.0/include -I/usr/include/libxml2  '
pkg_cv_BITEXTOR_LIBS='-L/usr/local/lib -ltagaligner3 -lenca -lm -lxml2  '

## ----------------- ##
## Output variables. ##
## ----------------- ##

ACLOCAL='${SHELL} /home/miquel/Bitextor/bitextor/trunk/bitextor/missing --run aclocal-1.10'
AMDEPBACKSLASH='\'
AMDEP_FALSE='#'
AMDEP_TRUE=''
AMTAR='${SHELL} /home/miquel/Bitextor/bitextor/trunk/bitextor/missing --run tar'
AUTOCONF='${SHELL} /home/miquel/Bitextor/bitextor/trunk/bitextor/missing --run autoconf'
AUTOHEADER='${SHELL} /home/miquel/Bitextor/bitextor/trunk/bitextor/missing --run autoheader'
AUTOMAKE='${SHELL} /home/miquel/Bitextor/bitextor/trunk/bitextor/missing --run automake-1.10'
AWK='mawk'
BITEXTOR_CFLAGS='-I/usr/local/include/libtagaligner-3.0 -I/usr/local/lib/libtagaligner-3.0/include -I/usr/include/libxml2  '
BITEXTOR_LIBS='-L/usr/local/lib -ltagaligner3 -lenca -lm -lxml2  '
CC='gcc'
CCDEPMODE='depmode=gcc3'
CFLAGS='-g -O2'
CPP='gcc -E'
CPPFLAGS=''
CXX='g++'
CXXDEPMODE='depmode=gcc3'
CXXFLAGS='-g -O2'
CYGPATH_W='echo'
DEFS='-DHAVE_CONFIG_H'
DEPDIR='.deps'
ECHO_C=''
ECHO_N='-n'
ECHO_T=''
EGREP='/bin/grep -E'
EXEEXT=''
GENERIC_API_VERSION='3.0'
GENERIC_LIBRARY_NAME='bitextor'
GENERIC_LIBRARY_VERSION='2:0:0'
GENERIC_RELEASE='3.0.0'
GENERIC_VERSION='3.0.0'
GREP='/bin/grep'
HTTRACK='httrack'
INSTALL_DATA='${INSTALL} -m 644'
INSTALL_PROGRAM='${INSTALL}'
INSTALL_SCRIPT='${INSTALL}'
INSTALL_STRIP_PROGRAM='$(install_sh) -c -s'
LDFLAGS=''
LIBOBJS=''
LIBS='-ltre -ltidy -ltextcat '
LTLIBOBJS=''
MAKEINFO='${SHELL} /home/miquel/Bitextor/bitextor/trunk/bitextor/missing --run makeinfo'
OBJEXT='o'
PACKAGE='bitextor'
PACKAGE_BUGREPORT='miquelespla@gmail.com'
PACKAGE_NAME='bitextor'
PACKAGE_STRING='bitextor 3.0'
PACKAGE_TARNAME='bitextor'
PACKAGE_VERSION='3.0'
PATH_SEPARATOR=':'
PKG_CONFIG='/usr/bin/pkg-config'
SET_MAKE=''
SHELL='/bin/bash'
STRIP=''
VERSION='3.0.0'
ac_ct_CC='gcc'
ac_ct_CXX='g++'
am__fastdepCC_FALSE='#'
am__fastdepCC_TRUE=''
am__fastdepCXX_FALSE='#'
am__fastdepCXX_TRUE=''
am__include='include'
am__isrc=''
am__leading_dot='.'
am__quote=''
am__tar='${AMTAR} chof - "$$tardir"'
am__untar='${AMTAR} xf -'
bindir='${exec_prefix}/bin'
build_alias=''
datadir='${datarootdir}'
datarootdir='${prefix}/share'
docdir='${datarootdir}/doc/${PACKAGE_TARNAME}'
dvidir='${docdir}'
exec_prefix='${prefix}'
host_alias=''
htmldir='${docdir}'
includedir='${prefix}/include'
infodir='${datarootdir}/info'
install_sh='$(SHELL) /home/miquel/Bitextor/bitextor/trunk/bitextor/install-sh'
libdir='${exec_prefix}/lib'
libexecdir='${exec_prefix}/libexec'
localedir='${datarootdir}/locale'
localstatedir='${prefix}/var'
mandir='${datarootdir}/man'
mkdir_p='/bin/mkdir -p'
oldincludedir='/usr/include'
pdfdir='${docdir}'
prefix='/usr/local'
program_transform_name='s,x,x,'
psdir='${docdir}'
sbindir='${exec_prefix}/sbin'
sharedstatedir='${prefix}/com'
sysconfdir='${prefix}/etc'
target_alias=''

## ----------- ##
## confdefs.h. ##
## ----------- ##

#define PACKAGE_NAME "bitextor"
#define PACKAGE_TARNAME "bitextor"
#define PACKAGE_VERSION "3.0"
#define PACKAGE_STRING "bitextor 3.0"
#define PACKAGE_BUGREPORT "miquelespla@gmail.com"
#define HAVE_LIBTEXTCAT 1
#define HAVE_LIBTIDY 1
#define HAVE_LIBTRE 1
#define HAVE_DIRENT_H 1
#define STDC_HEADERS 1
#define HAVE_SYS_TYPES_H 1
#define HAVE_SYS_STAT_H 1
#define HAVE_STDLIB_H 1
#define HAVE_STRING_H 1
#define HAVE_MEMORY_H 1
#define HAVE_STRINGS_H 1
#define HAVE_INTTYPES_H 1
#define HAVE_STDINT_H 1
#define HAVE_UNISTD_H 1
#define HAVE_STDIO_H 1
#define HAVE_STDLIB_H 1
#define HAVE_STRING_H 1
#define HAVE_STDDEF_H 1
#define HAVE_CTYPE_H 1
#define HAVE_TIME_H 1
#define HAVE_TIDY_TIDY_H 1
#define HAVE_TIDY_TIDYENUM_H 1
#define HAVE_TIDY_BUFFIO_H 1
#define HAVE_TEXTCAT_H 1
#define HAVE__BOOL 1
#define HAVE_STDBOOL_H 1
#define HAVE_STDLIB_H 1
#define HAVE_MALLOC 1
#define HAVE_STDLIB_H 1
#define HAVE_REALLOC 1
#define LSTAT_FOLLOWS_SLASHED_SYMLINK 1
#define HAVE_MEMSET 1
#define HAVE_MKDIR 1
#define HAVE_STRNDUP 1

configure: exit 0
