This file contains any messages produced by compilers while
running configure, to aid debugging if configure makes a mistake.

It was created by bitextor configure 2.0rc1, which was
generated by GNU Autoconf 2.61.  Invocation command line was

  $ ./configure 

## --------- ##
## Platform. ##
## --------- ##

hostname = miquel
uname -m = i686
uname -r = 2.6.24-21-generic
uname -s = Linux
uname -v = #1 SMP Mon Aug 25 17:32:09 UTC 2008

/usr/bin/uname -p = unknown
/bin/uname -X     = unknown

/bin/arch              = unknown
/usr/bin/arch -k       = unknown
/usr/convex/getsysinfo = unknown
/usr/bin/hostinfo      = unknown
/bin/machine           = unknown
/usr/bin/oslevel       = unknown
/bin/universe          = unknown

PATH: /usr/local/sbin
PATH: /usr/local/bin
PATH: /usr/sbin
PATH: /usr/bin
PATH: /sbin
PATH: /bin
PATH: /usr/games


## ----------- ##
## Core tests. ##
## ----------- ##

configure:1833: checking for a BSD-compatible install
configure:1889: result: /usr/bin/install -c
configure:1900: checking whether build environment is sane
configure:1943: result: yes
configure:1971: checking for a thread-safe mkdir -p
configure:2010: result: /bin/mkdir -p
configure:2023: checking for gawk
configure:2053: result: no
configure:2023: checking for mawk
configure:2039: found /usr/bin/mawk
configure:2050: result: mawk
configure:2061: checking whether make sets $(MAKE)
configure:2082: result: yes
configure:2321: checking for g++
configure:2337: found /usr/bin/g++
configure:2348: result: g++
configure:2379: checking for C++ compiler version
configure:2386: g++ --version >&5
g++ (GCC) 4.2.4 (Ubuntu 4.2.4-1ubuntu1)
Copyright (C) 2007 Free Software Foundation, Inc.
This is free software; see the source for copying conditions.  There is NO
warranty; not even for MERCHANTABILITY or FITNESS FOR A PARTICULAR PURPOSE.

configure:2389: $? = 0
configure:2396: g++ -v >&5
Using built-in specs.
Target: i486-linux-gnu
Configured with: ../src/configure -v --enable-languages=c,c++,fortran,objc,obj-c++,treelang --prefix=/usr --enable-shared --with-system-zlib --libexecdir=/usr/lib --without-included-gettext --enable-threads=posix --enable-nls --with-gxx-include-dir=/usr/include/c++/4.2 --program-suffix=-4.2 --enable-clocale=gnu --enable-libstdcxx-debug --enable-objc-gc --enable-mpfr --enable-targets=all --enable-checking=release --build=i486-linux-gnu --host=i486-linux-gnu --target=i486-linux-gnu
Thread model: posix
gcc version 4.2.4 (Ubuntu 4.2.4-1ubuntu1)
configure:2399: $? = 0
configure:2406: g++ -V >&5
g++: '-V' option must have argument
configure:2409: $? = 1
configure:2432: checking for C++ compiler default output file name
configure:2459: g++    conftest.cpp  >&5
configure:2462: $? = 0
configure:2500: result: a.out
configure:2517: checking whether the C++ compiler works
configure:2527: ./a.out
configure:2530: $? = 0
configure:2547: result: yes
configure:2554: checking whether we are cross compiling
configure:2556: result: no
configure:2559: checking for suffix of executables
configure:2566: g++ -o conftest    conftest.cpp  >&5
configure:2569: $? = 0
configure:2593: result: 
configure:2599: checking for suffix of object files
configure:2625: g++ -c   conftest.cpp >&5
configure:2628: $? = 0
configure:2651: result: o
configure:2655: checking whether we are using the GNU C++ compiler
configure:2684: g++ -c   conftest.cpp >&5
configure:2690: $? = 0
configure:2707: result: yes
configure:2712: checking whether g++ accepts -g
configure:2742: g++ -c -g  conftest.cpp >&5
configure:2748: $? = 0
configure:2847: result: yes
configure:2881: checking for style of include used by make
configure:2909: result: GNU
configure:2934: checking dependency style of g++
configure:3025: result: gcc3
configure:3088: checking for gcc
configure:3104: found /usr/bin/gcc
configure:3115: result: gcc
configure:3353: checking for C compiler version
configure:3360: gcc --version >&5
gcc (GCC) 4.2.4 (Ubuntu 4.2.4-1ubuntu1)
Copyright (C) 2007 Free Software Foundation, Inc.
This is free software; see the source for copying conditions.  There is NO
warranty; not even for MERCHANTABILITY or FITNESS FOR A PARTICULAR PURPOSE.

configure:3363: $? = 0
configure:3370: gcc -v >&5
Using built-in specs.
Target: i486-linux-gnu
Configured with: ../src/configure -v --enable-languages=c,c++,fortran,objc,obj-c++,treelang --prefix=/usr --enable-shared --with-system-zlib --libexecdir=/usr/lib --without-included-gettext --enable-threads=posix --enable-nls --with-gxx-include-dir=/usr/include/c++/4.2 --program-suffix=-4.2 --enable-clocale=gnu --enable-libstdcxx-debug --enable-objc-gc --enable-mpfr --enable-targets=all --enable-checking=release --build=i486-linux-gnu --host=i486-linux-gnu --target=i486-linux-gnu
Thread model: posix
gcc version 4.2.4 (Ubuntu 4.2.4-1ubuntu1)
configure:3373: $? = 0
configure:3380: gcc -V >&5
gcc: '-V' option must have argument
configure:3383: $? = 1
configure:3386: checking whether we are using the GNU C compiler
configure:3415: gcc -c   conftest.c >&5
configure:3421: $? = 0
configure:3438: result: yes
configure:3443: checking whether gcc accepts -g
configure:3473: gcc -c -g  conftest.c >&5
configure:3479: $? = 0
configure:3578: result: yes
configure:3595: checking for gcc option to accept ISO C89
configure:3669: gcc  -c -g -O2  conftest.c >&5
configure:3675: $? = 0
configure:3698: result: none needed
configure:3718: checking dependency style of gcc
configure:3809: result: gcc3
configure:3867: checking for wget
configure:3883: found /usr/bin/wget
configure:3894: result: wget
configure:3983: checking for flex
configure:3999: found /usr/bin/flex
configure:4010: result: flex
configure:4061: checking for main in -ltextcat
configure:4090: gcc -o conftest -g -O2   conftest.c -ltextcat   >&5
configure:4096: $? = 0
configure:4114: result: yes
configure:4146: checking for main in -ltidy
configure:4175: gcc -o conftest -g -O2   conftest.c -ltidy  -ltextcat  >&5
configure:4181: $? = 0
configure:4199: result: yes
configure:4230: checking for main in -lxml++-2.6
configure:4259: gcc -o conftest -g -O2   conftest.c -lxml++-2.6  -ltidy -ltextcat  >&5
configure:4265: $? = 0
configure:4283: result: yes
configure:4317: checking for main in -lenca
configure:4346: gcc -o conftest -g -O2   conftest.c -lenca  -lxml++-2.6 -ltidy -ltextcat  >&5
configure:4352: $? = 0
configure:4370: result: yes
configure:4402: checking for main in -ltagaligner
configure:4431: gcc -o conftest -g -O2   conftest.c -ltagaligner  -lenca -lxml++-2.6 -ltidy -ltextcat  >&5
configure:4437: $? = 0
configure:4455: result: yes
configure:4495: checking for dirent.h that defines DIR
configure:4524: gcc -c -g -O2  conftest.c >&5
configure:4530: $? = 0
configure:4546: result: yes
configure:4559: checking for library containing opendir
configure:4600: gcc -o conftest -g -O2   conftest.c -ltagaligner -lenca -lxml++-2.6 -ltidy -ltextcat  >&5
configure:4606: $? = 0
configure:4634: result: none required
configure:4733: checking how to run the C preprocessor
configure:4773: gcc -E  conftest.c
configure:4779: $? = 0
configure:4810: gcc -E  conftest.c
conftest.c:14:28: error: ac_nonexistent.h: No such file or directory
configure:4816: $? = 1
configure: failed program was:
| /* confdefs.h.  */
| #define PACKAGE_NAME "bitextor"
| #define PACKAGE_TARNAME "bitextor"
| #define PACKAGE_VERSION "2.0rc1"
| #define PACKAGE_STRING "bitextor 2.0rc1"
| #define PACKAGE_BUGREPORT "miquelespla@gmail.com"
| #define HAVE_LIBTEXTCAT 1
| #define HAVE_LIBTIDY 1
| #define HAVE_LIBXML___2_6 1
| #define HAVE_LIBENCA 1
| #define HAVE_LIBTAGALIGNER 1
| #define HAVE_DIRENT_H 1
| /* end confdefs.h.  */
| #include <ac_nonexistent.h>
configure:4849: result: gcc -E
configure:4878: gcc -E  conftest.c
configure:4884: $? = 0
configure:4915: gcc -E  conftest.c
conftest.c:14:28: error: ac_nonexistent.h: No such file or directory
configure:4921: $? = 1
configure: failed program was:
| /* confdefs.h.  */
| #define PACKAGE_NAME "bitextor"
| #define PACKAGE_TARNAME "bitextor"
| #define PACKAGE_VERSION "2.0rc1"
| #define PACKAGE_STRING "bitextor 2.0rc1"
| #define PACKAGE_BUGREPORT "miquelespla@gmail.com"
| #define HAVE_LIBTEXTCAT 1
| #define HAVE_LIBTIDY 1
| #define HAVE_LIBXML___2_6 1
| #define HAVE_LIBENCA 1
| #define HAVE_LIBTAGALIGNER 1
| #define HAVE_DIRENT_H 1
| /* end confdefs.h.  */
| #include <ac_nonexistent.h>
configure:4959: checking for grep that handles long lines and -e
configure:5033: result: /bin/grep
configure:5038: checking for egrep
configure:5116: result: /bin/grep -E
configure:5121: checking for ANSI C header files
configure:5151: gcc -c -g -O2  conftest.c >&5
configure:5157: $? = 0
configure:5256: gcc -o conftest -g -O2   conftest.c -ltagaligner -lenca -lxml++-2.6 -ltidy -ltextcat  >&5
configure:5259: $? = 0
configure:5265: ./conftest
configure:5268: $? = 0
configure:5285: result: yes
configure:5309: checking for sys/types.h
configure:5330: gcc -c -g -O2  conftest.c >&5
configure:5336: $? = 0
configure:5352: result: yes
configure:5309: checking for sys/stat.h
configure:5330: gcc -c -g -O2  conftest.c >&5
configure:5336: $? = 0
configure:5352: result: yes
configure:5309: checking for stdlib.h
configure:5330: gcc -c -g -O2  conftest.c >&5
configure:5336: $? = 0
configure:5352: result: yes
configure:5309: checking for string.h
configure:5330: gcc -c -g -O2  conftest.c >&5
configure:5336: $? = 0
configure:5352: result: yes
configure:5309: checking for memory.h
configure:5330: gcc -c -g -O2  conftest.c >&5
configure:5336: $? = 0
configure:5352: result: yes
configure:5309: checking for strings.h
configure:5330: gcc -c -g -O2  conftest.c >&5
configure:5336: $? = 0
configure:5352: result: yes
configure:5309: checking for inttypes.h
configure:5330: gcc -c -g -O2  conftest.c >&5
configure:5336: $? = 0
configure:5352: result: yes
configure:5309: checking for stdint.h
configure:5330: gcc -c -g -O2  conftest.c >&5
configure:5336: $? = 0
configure:5352: result: yes
configure:5309: checking for unistd.h
configure:5330: gcc -c -g -O2  conftest.c >&5
configure:5336: $? = 0
configure:5352: result: yes
configure:5371: checking for inttypes.h
configure:5377: result: yes
configure:5371: checking for stdlib.h
configure:5377: result: yes
configure:5371: checking for unistd.h
configure:5377: result: yes
configure:5515: checking for stdbool.h that conforms to C99
configure:5608: gcc -c -g -O2  conftest.c >&5
configure:5614: $? = 0
configure:5629: result: yes
configure:5631: checking for _Bool
configure:5661: gcc -c -g -O2  conftest.c >&5
configure:5667: $? = 0
configure:5682: result: yes
configure:5701: checking for an ANSI C-conforming const
configure:5776: gcc -c -g -O2  conftest.c >&5
configure:5782: $? = 0
configure:5797: result: yes
configure:5808: checking for int16_t
configure:5839: gcc -c -g -O2  conftest.c >&5
configure:5845: $? = 0
configure:5874: gcc -c -g -O2  conftest.c >&5
conftest.c: In function 'main':
conftest.c:66: error: size of array 'test_array' is negative
configure:5880: $? = 1
configure: failed program was:
| /* confdefs.h.  */
| #define PACKAGE_NAME "bitextor"
| #define PACKAGE_TARNAME "bitextor"
| #define PACKAGE_VERSION "2.0rc1"
| #define PACKAGE_STRING "bitextor 2.0rc1"
| #define PACKAGE_BUGREPORT "miquelespla@gmail.com"
| #define HAVE_LIBTEXTCAT 1
| #define HAVE_LIBTIDY 1
| #define HAVE_LIBXML___2_6 1
| #define HAVE_LIBENCA 1
| #define HAVE_LIBTAGALIGNER 1
| #define HAVE_DIRENT_H 1
| #define STDC_HEADERS 1
| #define HAVE_SYS_TYPES_H 1
| #define HAVE_SYS_STAT_H 1
| #define HAVE_STDLIB_H 1
| #define HAVE_STRING_H 1
| #define HAVE_MEMORY_H 1
| #define HAVE_STRINGS_H 1
| #define HAVE_INTTYPES_H 1
| #define HAVE_STDINT_H 1
| #define HAVE_UNISTD_H 1
| #define HAVE_INTTYPES_H 1
| #define HAVE_STDLIB_H 1
| #define HAVE_UNISTD_H 1
| #define HAVE__BOOL 1
| #define HAVE_STDBOOL_H 1
| /* end confdefs.h.  */
| #include <stdio.h>
| #ifdef HAVE_SYS_TYPES_H
| # include <sys/types.h>
| #endif
| #ifdef HAVE_SYS_STAT_H
| # include <sys/stat.h>
| #endif
| #ifdef STDC_HEADERS
| # include <stdlib.h>
| # include <stddef.h>
| #else
| # ifdef HAVE_STDLIB_H
| #  include <stdlib.h>
| # endif
| #endif
| #ifdef HAVE_STRING_H
| # if !defined STDC_HEADERS && defined HAVE_MEMORY_H
| #  include <memory.h>
| # endif
| # include <string.h>
| #endif
| #ifdef HAVE_STRINGS_H
| # include <strings.h>
| #endif
| #ifdef HAVE_INTTYPES_H
| # include <inttypes.h>
| #endif
| #ifdef HAVE_STDINT_H
| # include <stdint.h>
| #endif
| #ifdef HAVE_UNISTD_H
| # include <unistd.h>
| #endif
| int
| main ()
| {
| static int test_array [1 - 2 * !((int16_t) ((((int16_t) 1 << (16 - 2)) - 1) * 2 + 1)
| 	         < (int16_t) ((((int16_t) 1 << (16 - 2)) - 1) * 2 + 2))];
| test_array [0] = 0
| 
|   ;
|   return 0;
| }
configure:5909: result: yes
configure:5922: checking for int32_t
configure:5953: gcc -c -g -O2  conftest.c >&5
configure:5959: $? = 0
configure:5988: gcc -c -g -O2  conftest.c >&5
conftest.c: In function 'main':
conftest.c:66: warning: integer overflow in expression
conftest.c:66: error: size of array 'test_array' is negative
configure:5994: $? = 1
configure: failed program was:
| /* confdefs.h.  */
| #define PACKAGE_NAME "bitextor"
| #define PACKAGE_TARNAME "bitextor"
| #define PACKAGE_VERSION "2.0rc1"
| #define PACKAGE_STRING "bitextor 2.0rc1"
| #define PACKAGE_BUGREPORT "miquelespla@gmail.com"
| #define HAVE_LIBTEXTCAT 1
| #define HAVE_LIBTIDY 1
| #define HAVE_LIBXML___2_6 1
| #define HAVE_LIBENCA 1
| #define HAVE_LIBTAGALIGNER 1
| #define HAVE_DIRENT_H 1
| #define STDC_HEADERS 1
| #define HAVE_SYS_TYPES_H 1
| #define HAVE_SYS_STAT_H 1
| #define HAVE_STDLIB_H 1
| #define HAVE_STRING_H 1
| #define HAVE_MEMORY_H 1
| #define HAVE_STRINGS_H 1
| #define HAVE_INTTYPES_H 1
| #define HAVE_STDINT_H 1
| #define HAVE_UNISTD_H 1
| #define HAVE_INTTYPES_H 1
| #define HAVE_STDLIB_H 1
| #define HAVE_UNISTD_H 1
| #define HAVE__BOOL 1
| #define HAVE_STDBOOL_H 1
| /* end confdefs.h.  */
| #include <stdio.h>
| #ifdef HAVE_SYS_TYPES_H
| # include <sys/types.h>
| #endif
| #ifdef HAVE_SYS_STAT_H
| # include <sys/stat.h>
| #endif
| #ifdef STDC_HEADERS
| # include <stdlib.h>
| # include <stddef.h>
| #else
| # ifdef HAVE_STDLIB_H
| #  include <stdlib.h>
| # endif
| #endif
| #ifdef HAVE_STRING_H
| # if !defined STDC_HEADERS && defined HAVE_MEMORY_H
| #  include <memory.h>
| # endif
| # include <string.h>
| #endif
| #ifdef HAVE_STRINGS_H
| # include <strings.h>
| #endif
| #ifdef HAVE_INTTYPES_H
| # include <inttypes.h>
| #endif
| #ifdef HAVE_STDINT_H
| # include <stdint.h>
| #endif
| #ifdef HAVE_UNISTD_H
| # include <unistd.h>
| #endif
| int
| main ()
| {
| static int test_array [1 - 2 * !((int32_t) ((((int32_t) 1 << (32 - 2)) - 1) * 2 + 1)
| 	         < (int32_t) ((((int32_t) 1 << (32 - 2)) - 1) * 2 + 2))];
| test_array [0] = 0
| 
|   ;
|   return 0;
| }
configure:6023: result: yes
configure:6036: checking for int8_t
configure:6067: gcc -c -g -O2  conftest.c >&5
configure:6073: $? = 0
configure:6102: gcc -c -g -O2  conftest.c >&5
conftest.c: In function 'main':
conftest.c:66: error: size of array 'test_array' is negative
configure:6108: $? = 1
configure: failed program was:
| /* confdefs.h.  */
| #define PACKAGE_NAME "bitextor"
| #define PACKAGE_TARNAME "bitextor"
| #define PACKAGE_VERSION "2.0rc1"
| #define PACKAGE_STRING "bitextor 2.0rc1"
| #define PACKAGE_BUGREPORT "miquelespla@gmail.com"
| #define HAVE_LIBTEXTCAT 1
| #define HAVE_LIBTIDY 1
| #define HAVE_LIBXML___2_6 1
| #define HAVE_LIBENCA 1
| #define HAVE_LIBTAGALIGNER 1
| #define HAVE_DIRENT_H 1
| #define STDC_HEADERS 1
| #define HAVE_SYS_TYPES_H 1
| #define HAVE_SYS_STAT_H 1
| #define HAVE_STDLIB_H 1
| #define HAVE_STRING_H 1
| #define HAVE_MEMORY_H 1
| #define HAVE_STRINGS_H 1
| #define HAVE_INTTYPES_H 1
| #define HAVE_STDINT_H 1
| #define HAVE_UNISTD_H 1
| #define HAVE_INTTYPES_H 1
| #define HAVE_STDLIB_H 1
| #define HAVE_UNISTD_H 1
| #define HAVE__BOOL 1
| #define HAVE_STDBOOL_H 1
| /* end confdefs.h.  */
| #include <stdio.h>
| #ifdef HAVE_SYS_TYPES_H
| # include <sys/types.h>
| #endif
| #ifdef HAVE_SYS_STAT_H
| # include <sys/stat.h>
| #endif
| #ifdef STDC_HEADERS
| # include <stdlib.h>
| # include <stddef.h>
| #else
| # ifdef HAVE_STDLIB_H
| #  include <stdlib.h>
| # endif
| #endif
| #ifdef HAVE_STRING_H
| # if !defined STDC_HEADERS && defined HAVE_MEMORY_H
| #  include <memory.h>
| # endif
| # include <string.h>
| #endif
| #ifdef HAVE_STRINGS_H
| # include <strings.h>
| #endif
| #ifdef HAVE_INTTYPES_H
| # include <inttypes.h>
| #endif
| #ifdef HAVE_STDINT_H
| # include <stdint.h>
| #endif
| #ifdef HAVE_UNISTD_H
| # include <unistd.h>
| #endif
| int
| main ()
| {
| static int test_array [1 - 2 * !((int8_t) ((((int8_t) 1 << (8 - 2)) - 1) * 2 + 1)
| 	         < (int8_t) ((((int8_t) 1 << (8 - 2)) - 1) * 2 + 2))];
| test_array [0] = 0
| 
|   ;
|   return 0;
| }
configure:6137: result: yes
configure:6149: checking for size_t
configure:6179: gcc -c -g -O2  conftest.c >&5
configure:6185: $? = 0
configure:6200: result: yes
configure:6213: checking for uint16_t
configure:6244: gcc -c -g -O2  conftest.c >&5
configure:6250: $? = 0
configure:6271: result: yes
configure:6285: checking for uint32_t
configure:6316: gcc -c -g -O2  conftest.c >&5
configure:6322: $? = 0
configure:6343: result: yes
configure:6361: checking for uint8_t
configure:6392: gcc -c -g -O2  conftest.c >&5
configure:6398: $? = 0
configure:6419: result: yes
configure:6438: checking whether closedir returns void
configure:6472: gcc -o conftest -g -O2   conftest.c -ltagaligner -lenca -lxml++-2.6 -ltidy -ltextcat  >&5
configure:6475: $? = 0
configure:6481: ./conftest
configure:6484: $? = 0
configure:6500: result: no
configure:6515: checking for stdlib.h
configure:6521: result: yes
configure:6655: checking for GNU libc compatible malloc
configure:6689: gcc -o conftest -g -O2   conftest.c -ltagaligner -lenca -lxml++-2.6 -ltidy -ltextcat  >&5
configure:6692: $? = 0
configure:6698: ./conftest
configure:6701: $? = 0
configure:6717: result: yes
configure:6750: checking for stdlib.h
configure:6756: result: yes
configure:6890: checking for GNU libc compatible realloc
configure:6924: gcc -o conftest -g -O2   conftest.c -ltagaligner -lenca -lxml++-2.6 -ltidy -ltextcat  >&5
configure:6927: $? = 0
configure:6933: ./conftest
configure:6936: $? = 0
configure:6952: result: yes
configure:6980: checking whether lstat dereferences a symlink specified with a trailing slash
configure:7016: gcc -o conftest -g -O2   conftest.c -ltagaligner -lenca -lxml++-2.6 -ltidy -ltextcat  >&5
configure:7019: $? = 0
configure:7025: ./conftest
configure:7028: $? = 0
configure:7051: result: yes
configure:7070: checking whether stat accepts an empty string
configure:7100: gcc -o conftest -g -O2   conftest.c -ltagaligner -lenca -lxml++-2.6 -ltidy -ltextcat  >&5
configure:7103: $? = 0
configure:7109: ./conftest
configure:7112: $? = 0
configure:7128: result: no
configure:7150: checking for memset
configure:7206: gcc -o conftest -g -O2   conftest.c -ltagaligner -lenca -lxml++-2.6 -ltidy -ltextcat  >&5
conftest.c:57: warning: conflicting types for built-in function 'memset'
configure:7212: $? = 0
configure:7230: result: yes
configure:7150: checking for mkdir
configure:7206: gcc -o conftest -g -O2   conftest.c -ltagaligner -lenca -lxml++-2.6 -ltidy -ltextcat  >&5
configure:7212: $? = 0
configure:7230: result: yes
configure:7150: checking for strndup
configure:7206: gcc -o conftest -g -O2   conftest.c -ltagaligner -lenca -lxml++-2.6 -ltidy -ltextcat  >&5
conftest.c:59: warning: conflicting types for built-in function 'strndup'
configure:7212: $? = 0
configure:7230: result: yes
configure:7364: creating ./config.status

## ---------------------- ##
## Running config.status. ##
## ---------------------- ##

This file was extended by bitextor config.status 2.0rc1, which was
generated by GNU Autoconf 2.61.  Invocation command line was

  CONFIG_FILES    = 
  CONFIG_HEADERS  = 
  CONFIG_LINKS    = 
  CONFIG_COMMANDS = 
  $ ./config.status 

on miquel

config.status:649: creating Makefile
config.status:649: creating src/Makefile
config.status:649: creating config.h
config.status:892: config.h is unchanged
config.status:939: executing depfiles commands

## ---------------- ##
## Cache variables. ##
## ---------------- ##

ac_cv_c_compiler_gnu=yes
ac_cv_c_const=yes
ac_cv_c_int16_t=yes
ac_cv_c_int32_t=yes
ac_cv_c_int8_t=yes
ac_cv_c_uint16_t=yes
ac_cv_c_uint32_t=yes
ac_cv_c_uint8_t=yes
ac_cv_cxx_compiler_gnu=yes
ac_cv_env_CCC_set=
ac_cv_env_CCC_value=
ac_cv_env_CC_set=
ac_cv_env_CC_value=
ac_cv_env_CFLAGS_set=
ac_cv_env_CFLAGS_value=
ac_cv_env_CPPFLAGS_set=
ac_cv_env_CPPFLAGS_value=
ac_cv_env_CPP_set=
ac_cv_env_CPP_value=
ac_cv_env_CXXFLAGS_set=
ac_cv_env_CXXFLAGS_value=
ac_cv_env_CXX_set=
ac_cv_env_CXX_value=
ac_cv_env_LDFLAGS_set=
ac_cv_env_LDFLAGS_value=
ac_cv_env_LIBS_set=
ac_cv_env_LIBS_value=
ac_cv_env_build_alias_set=
ac_cv_env_build_alias_value=
ac_cv_env_host_alias_set=
ac_cv_env_host_alias_value=
ac_cv_env_target_alias_set=
ac_cv_env_target_alias_value=
ac_cv_func_closedir_void=no
ac_cv_func_lstat_dereferences_slashed_symlink=yes
ac_cv_func_malloc_0_nonnull=yes
ac_cv_func_memset=yes
ac_cv_func_mkdir=yes
ac_cv_func_realloc_0_nonnull=yes
ac_cv_func_stat_empty_string_bug=no
ac_cv_func_strndup=yes
ac_cv_header_dirent_dirent_h=yes
ac_cv_header_inttypes_h=yes
ac_cv_header_memory_h=yes
ac_cv_header_stdbool_h=yes
ac_cv_header_stdc=yes
ac_cv_header_stdint_h=yes
ac_cv_header_stdlib_h=yes
ac_cv_header_string_h=yes
ac_cv_header_strings_h=yes
ac_cv_header_sys_stat_h=yes
ac_cv_header_sys_types_h=yes
ac_cv_header_unistd_h=yes
ac_cv_lib_enca_main=yes
ac_cv_lib_tagaligner_main=yes
ac_cv_lib_textcat_main=yes
ac_cv_lib_tidy_main=yes
ac_cv_lib_xmlpp_2_6_main=yes
ac_cv_objext=o
ac_cv_path_EGREP='/bin/grep -E'
ac_cv_path_GREP=/bin/grep
ac_cv_path_install='/usr/bin/install -c'
ac_cv_path_mkdir=/bin/mkdir
ac_cv_prog_AWK=mawk
ac_cv_prog_CPP='gcc -E'
ac_cv_prog_ac_ct_CC=gcc
ac_cv_prog_ac_ct_CXX=g++
ac_cv_prog_ac_ct_FLEX=flex
ac_cv_prog_ac_ct_WGET=wget
ac_cv_prog_cc_c89=
ac_cv_prog_cc_g=yes
ac_cv_prog_cxx_g=yes
ac_cv_prog_make_make_set=yes
ac_cv_search_opendir='none required'
ac_cv_type__Bool=yes
ac_cv_type_size_t=yes
am_cv_CC_dependencies_compiler_type=gcc3
am_cv_CXX_dependencies_compiler_type=gcc3

## ----------------- ##
## Output variables. ##
## ----------------- ##

ACLOCAL='${SHELL} /home/miquel/repos_bitextor/branches/bitextor-2.0.0/missing --run aclocal-1.10'
AMDEPBACKSLASH='\'
AMDEP_FALSE='#'
AMDEP_TRUE=''
AMTAR='${SHELL} /home/miquel/repos_bitextor/branches/bitextor-2.0.0/missing --run tar'
AUTOCONF='${SHELL} /home/miquel/repos_bitextor/branches/bitextor-2.0.0/missing --run autoconf'
AUTOHEADER='${SHELL} /home/miquel/repos_bitextor/branches/bitextor-2.0.0/missing --run autoheader'
AUTOMAKE='${SHELL} /home/miquel/repos_bitextor/branches/bitextor-2.0.0/missing --run automake-1.10'
AWK='mawk'
CC='gcc'
CCDEPMODE='depmode=gcc3'
CFLAGS='-g -O2'
CPP='gcc -E'
CPPFLAGS=''
CXX='g++'
CXXDEPMODE='depmode=gcc3'
CXXFLAGS='-g -O2'
CYGPATH_W='echo'
DEFS='-DHAVE_CONFIG_H'
DEPDIR='.deps'
ECHO_C=''
ECHO_N='-n'
ECHO_T=''
EGREP='/bin/grep -E'
EXEEXT=''
FLEX='flex'
GENERIC_API_VERSION='2.0'
GENERIC_LIBRARY_NAME='bitextor'
GENERIC_LIBRARY_VERSION='2:0:0'
GENERIC_RELEASE='2.0'
GENERIC_VERSION='2.0.0'
GREP='/bin/grep'
INSTALL_DATA='${INSTALL} -m 644'
INSTALL_PROGRAM='${INSTALL}'
INSTALL_SCRIPT='${INSTALL}'
INSTALL_STRIP_PROGRAM='$(install_sh) -c -s'
LDFLAGS=''
LIBOBJS=''
LIBS='-ltagaligner -lenca -lxml++-2.6 -ltidy -ltextcat '
LTLIBOBJS=''
MAKEINFO='${SHELL} /home/miquel/repos_bitextor/branches/bitextor-2.0.0/missing --run makeinfo'
OBJEXT='o'
PACKAGE='bitextor'
PACKAGE_BUGREPORT='miquelespla@gmail.com'
PACKAGE_NAME='bitextor'
PACKAGE_STRING='bitextor 2.0rc1'
PACKAGE_TARNAME='bitextor'
PACKAGE_VERSION='2.0rc1'
PATH_SEPARATOR=':'
SET_MAKE=''
SHELL='/bin/bash'
STRIP=''
VERSION='2.0.0'
WGET='wget'
ac_ct_CC='gcc'
ac_ct_CXX='g++'
am__fastdepCC_FALSE='#'
am__fastdepCC_TRUE=''
am__fastdepCXX_FALSE='#'
am__fastdepCXX_TRUE=''
am__include='include'
am__isrc=''
am__leading_dot='.'
am__quote=''
am__tar='${AMTAR} chof - "$$tardir"'
am__untar='${AMTAR} xf -'
bindir='${exec_prefix}/bin'
build_alias=''
datadir='${datarootdir}'
datarootdir='${prefix}/share'
docdir='${datarootdir}/doc/${PACKAGE_TARNAME}'
dvidir='${docdir}'
exec_prefix='${prefix}'
host_alias=''
htmldir='${docdir}'
includedir='${prefix}/include'
infodir='${datarootdir}/info'
install_sh='$(SHELL) /home/miquel/repos_bitextor/branches/bitextor-2.0.0/install-sh'
libdir='${exec_prefix}/lib'
libexecdir='${exec_prefix}/libexec'
localedir='${datarootdir}/locale'
localstatedir='${prefix}/var'
mandir='${datarootdir}/man'
mkdir_p='/bin/mkdir -p'
oldincludedir='/usr/include'
pdfdir='${docdir}'
prefix='/usr/local'
program_transform_name='s,x,x,'
psdir='${docdir}'
sbindir='${exec_prefix}/sbin'
sharedstatedir='${prefix}/com'
sysconfdir='${prefix}/etc'
target_alias=''

## ----------- ##
## confdefs.h. ##
## ----------- ##

#define PACKAGE_NAME "bitextor"
#define PACKAGE_TARNAME "bitextor"
#define PACKAGE_VERSION "2.0rc1"
#define PACKAGE_STRING "bitextor 2.0rc1"
#define PACKAGE_BUGREPORT "miquelespla@gmail.com"
#define HAVE_LIBTEXTCAT 1
#define HAVE_LIBTIDY 1
#define HAVE_LIBXML___2_6 1
#define HAVE_LIBENCA 1
#define HAVE_LIBTAGALIGNER 1
#define HAVE_DIRENT_H 1
#define STDC_HEADERS 1
#define HAVE_SYS_TYPES_H 1
#define HAVE_SYS_STAT_H 1
#define HAVE_STDLIB_H 1
#define HAVE_STRING_H 1
#define HAVE_MEMORY_H 1
#define HAVE_STRINGS_H 1
#define HAVE_INTTYPES_H 1
#define HAVE_STDINT_H 1
#define HAVE_UNISTD_H 1
#define HAVE_INTTYPES_H 1
#define HAVE_STDLIB_H 1
#define HAVE_UNISTD_H 1
#define HAVE__BOOL 1
#define HAVE_STDBOOL_H 1
#define HAVE_STDLIB_H 1
#define HAVE_MALLOC 1
#define HAVE_STDLIB_H 1
#define HAVE_REALLOC 1
#define LSTAT_FOLLOWS_SLASHED_SYMLINK 1
#define HAVE_MEMSET 1
#define HAVE_MKDIR 1
#define HAVE_STRNDUP 1

configure: exit 0

## ---------------------- ##
## Running config.status. ##
## ---------------------- ##

This file was extended by bitextor config.status 2.0rc1, which was
generated by GNU Autoconf 2.61.  Invocation command line was

  CONFIG_FILES    = 
  CONFIG_HEADERS  = 
  CONFIG_LINKS    = 
  CONFIG_COMMANDS = 
  $ ./config.status Makefile

on miquel

config.status:649: creating Makefile

## ---------------------- ##
## Running config.status. ##
## ---------------------- ##

This file was extended by bitextor config.status 2.0rc1, which was
generated by GNU Autoconf 2.61.  Invocation command line was

  CONFIG_FILES    = 
  CONFIG_HEADERS  = 
  CONFIG_LINKS    = 
  CONFIG_COMMANDS = 
  $ ./config.status src/Makefile depfiles

on miquel

config.status:649: creating src/Makefile
config.status:939: executing depfiles commands

## ---------------------- ##
## Running config.status. ##
## ---------------------- ##

This file was extended by bitextor config.status 2.0rc1, which was
generated by GNU Autoconf 2.61.  Invocation command line was

  CONFIG_FILES    = 
  CONFIG_HEADERS  = 
  CONFIG_LINKS    = 
  CONFIG_COMMANDS = 
  $ ./config.status config.h

on miquel

config.status:649: creating config.h
config.status:892: config.h is unchanged

## ---------------------- ##
## Running config.status. ##
## ---------------------- ##

This file was extended by bitextor config.status 2.0rc1, which was
generated by GNU Autoconf 2.61.  Invocation command line was

  CONFIG_FILES    = 
  CONFIG_HEADERS  = 
  CONFIG_LINKS    = 
  CONFIG_COMMANDS = 
  $ ./config.status Makefile

on miquel

config.status:649: creating Makefile

## ---------------------- ##
## Running config.status. ##
## ---------------------- ##

This file was extended by bitextor config.status 2.0rc1, which was
generated by GNU Autoconf 2.61.  Invocation command line was

  CONFIG_FILES    = 
  CONFIG_HEADERS  = 
  CONFIG_LINKS    = 
  CONFIG_COMMANDS = 
  $ ./config.status src/Makefile depfiles

on miquel

config.status:649: creating src/Makefile
config.status:939: executing depfiles commands

## ---------------------- ##
## Running config.status. ##
## ---------------------- ##

This file was extended by bitextor config.status 2.0rc1, which was
generated by GNU Autoconf 2.61.  Invocation command line was

  CONFIG_FILES    = 
  CONFIG_HEADERS  = 
  CONFIG_LINKS    = 
  CONFIG_COMMANDS = 
  $ ./config.status Makefile

on miquel

config.status:649: creating Makefile

## ---------------------- ##
## Running config.status. ##
## ---------------------- ##

This file was extended by bitextor config.status 2.0rc1, which was
generated by GNU Autoconf 2.61.  Invocation command line was

  CONFIG_FILES    = 
  CONFIG_HEADERS  = 
  CONFIG_LINKS    = 
  CONFIG_COMMANDS = 
  $ ./config.status src/Makefile depfiles

on miquel

config.status:649: creating src/Makefile
config.status:939: executing depfiles commands

## ---------------------- ##
## Running config.status. ##
## ---------------------- ##

This file was extended by bitextor config.status 2.0rc1, which was
generated by GNU Autoconf 2.61.  Invocation command line was

  CONFIG_FILES    = 
  CONFIG_HEADERS  = 
  CONFIG_LINKS    = 
  CONFIG_COMMANDS = 
  $ ./config.status Makefile

on miquel

config.status:649: creating Makefile

## ---------------------- ##
## Running config.status. ##
## ---------------------- ##

This file was extended by bitextor config.status 2.0rc1, which was
generated by GNU Autoconf 2.61.  Invocation command line was

  CONFIG_FILES    = 
  CONFIG_HEADERS  = 
  CONFIG_LINKS    = 
  CONFIG_COMMANDS = 
  $ ./config.status src/Makefile depfiles

on miquel

config.status:649: creating src/Makefile
config.status:939: executing depfiles commands

## ---------------------- ##
## Running config.status. ##
## ---------------------- ##

This file was extended by bitextor config.status 2.0rc1, which was
generated by GNU Autoconf 2.61.  Invocation command line was

  CONFIG_FILES    = 
  CONFIG_HEADERS  = 
  CONFIG_LINKS    = 
  CONFIG_COMMANDS = 
  $ ./config.status Makefile

on miquel

config.status:649: creating Makefile

## ---------------------- ##
## Running config.status. ##
## ---------------------- ##

This file was extended by bitextor config.status 2.0rc1, which was
generated by GNU Autoconf 2.61.  Invocation command line was

  CONFIG_FILES    = 
  CONFIG_HEADERS  = 
  CONFIG_LINKS    = 
  CONFIG_COMMANDS = 
  $ ./config.status src/Makefile depfiles

on miquel

config.status:649: creating src/Makefile
config.status:939: executing depfiles commands

## ---------------------- ##
## Running config.status. ##
## ---------------------- ##

This file was extended by bitextor config.status 2.0rc1, which was
generated by GNU Autoconf 2.61.  Invocation command line was

  CONFIG_FILES    = 
  CONFIG_HEADERS  = 
  CONFIG_LINKS    = 
  CONFIG_COMMANDS = 
  $ ./config.status Makefile

on miquel

config.status:649: creating Makefile

## ---------------------- ##
## Running config.status. ##
## ---------------------- ##

This file was extended by bitextor config.status 2.0rc1, which was
generated by GNU Autoconf 2.61.  Invocation command line was

  CONFIG_FILES    = 
  CONFIG_HEADERS  = 
  CONFIG_LINKS    = 
  CONFIG_COMMANDS = 
  $ ./config.status src/Makefile depfiles

on miquel

config.status:649: creating src/Makefile
config.status:939: executing depfiles commands

## ---------------------- ##
## Running config.status. ##
## ---------------------- ##

This file was extended by bitextor config.status 2.0rc1, which was
generated by GNU Autoconf 2.61.  Invocation command line was

  CONFIG_FILES    = 
  CONFIG_HEADERS  = 
  CONFIG_LINKS    = 
  CONFIG_COMMANDS = 
  $ ./config.status Makefile

on miquel

config.status:649: creating Makefile

## ---------------------- ##
## Running config.status. ##
## ---------------------- ##

This file was extended by bitextor config.status 2.0rc1, which was
generated by GNU Autoconf 2.61.  Invocation command line was

  CONFIG_FILES    = 
  CONFIG_HEADERS  = 
  CONFIG_LINKS    = 
  CONFIG_COMMANDS = 
  $ ./config.status src/Makefile depfiles

on miquel

config.status:649: creating src/Makefile
config.status:939: executing depfiles commands

## ---------------------- ##
## Running config.status. ##
## ---------------------- ##

This file was extended by bitextor config.status 2.0rc1, which was
generated by GNU Autoconf 2.61.  Invocation command line was

  CONFIG_FILES    = 
  CONFIG_HEADERS  = 
  CONFIG_LINKS    = 
  CONFIG_COMMANDS = 
  $ ./config.status Makefile

on miquel

config.status:649: creating Makefile

## ---------------------- ##
## Running config.status. ##
## ---------------------- ##

This file was extended by bitextor config.status 2.0rc1, which was
generated by GNU Autoconf 2.61.  Invocation command line was

  CONFIG_FILES    = 
  CONFIG_HEADERS  = 
  CONFIG_LINKS    = 
  CONFIG_COMMANDS = 
  $ ./config.status src/Makefile depfiles

on miquel

config.status:649: creating src/Makefile
config.status:939: executing depfiles commands
